Using pre-set license
Built from '2022.3/respin/2022.3.62f2-4af31df585-v2' branch; Version is '2022.3.62f3 (96770f904ca7) revision 9860879'; Using compiler version '192829333'; Build Type 'Release'
OS: 'Windows 11  (10.0.26200) 64bit Core' Language: 'en' Physical Memory: 32313 MB
BatchMode: 1, IsHumanControllingUs: 0, StartBugReporterOnCrash: 0, Is64bit: 1, IsPro: 1

COMMAND LINE ARGUMENTS:
C:\Program Files\Unity\Hub\Editor\2022.3.62f3\Editor\Unity.exe
-adb2
-batchMode
-noUpm
-name
AssetImportWorker16
-projectPath
C:/Projects/Unity/FarmingGame/Prototype
-logFile
Logs/AssetImportWorker16.log
-srvPort
49798
Successfully changed project path to: C:/Projects/Unity/FarmingGame/Prototype
C:/Projects/Unity/FarmingGame/Prototype
[UnityMemory] Configuration Parameters - Can be set up in boot.config
    "memorysetup-bucket-allocator-granularity=16"
    "memorysetup-bucket-allocator-bucket-count=8"
    "memorysetup-bucket-allocator-block-size=33554432"
    "memorysetup-bucket-allocator-block-count=8"
    "memorysetup-main-allocator-block-size=16777216"
    "memorysetup-thread-allocator-block-size=16777216"
    "memorysetup-gfx-main-allocator-block-size=16777216"
    "memorysetup-gfx-thread-allocator-block-size=16777216"
    "memorysetup-cache-allocator-block-size=4194304"
    "memorysetup-typetree-allocator-block-size=2097152"
    "memorysetup-profiler-bucket-allocator-granularity=16"
    "memorysetup-profiler-bucket-allocator-bucket-count=8"
    "memorysetup-profiler-bucket-allocator-block-size=33554432"
    "memorysetup-profiler-bucket-allocator-block-count=8"
    "memorysetup-profiler-allocator-block-size=16777216"
    "memorysetup-profiler-editor-allocator-block-size=1048576"
    "memorysetup-temp-allocator-size-main=16777216"
    "memorysetup-job-temp-allocator-block-size=2097152"
    "memorysetup-job-temp-allocator-block-size-background=1048576"
    "memorysetup-job-temp-allocator-reduction-small-platforms=262144"
    "memorysetup-allocator-temp-initial-block-size-main=262144"
    "memorysetup-allocator-temp-initial-block-size-worker=262144"
    "memorysetup-temp-allocator-size-background-worker=32768"
    "memorysetup-temp-allocator-size-job-worker=262144"
    "memorysetup-temp-allocator-size-preload-manager=33554432"
    "memorysetup-temp-allocator-size-nav-mesh-worker=65536"
    "memorysetup-temp-allocator-size-audio-worker=65536"
    "memorysetup-temp-allocator-size-cloud-worker=32768"
    "memorysetup-temp-allocator-size-gi-baking-worker=262144"
    "memorysetup-temp-allocator-size-gfx=262144"
Player connection [1872]  Target information:

Player connection [1872]  * "[IP] 192.168.0.157 [Port] 0 [Flags] 2 [Guid] 1784971086 [EditorId] 1784971086 [Version] 1048832 [Id] WindowsEditor(7,DESKTOP-VRGIVBT) [Debug] 1 [PackageName] WindowsEditor [ProjectName] Editor" 

Player connection [1872] Host joined multi-casting on [225.0.0.222:54997]...
Player connection [1872] Host joined alternative multi-casting on [225.0.0.222:34997]...
Input System module state changed to: Initialized.
[PhysX] Initialized MultithreadedTaskDispatcher with 12 workers.
Refreshing native plugins compatible for Editor in 17.11 ms, found 4 plugins.
Preloading 0 native plugins for Editor in 0.00 ms.
Initialize engine version: 2022.3.62f3 (96770f904ca7)
[Subsystems] Discovering subsystems at path C:/Program Files/Unity/Hub/Editor/2022.3.62f3/Editor/Data/Resources/UnitySubsystems
[Subsystems] Discovering subsystems at path C:/Projects/Unity/FarmingGame/Prototype/Assets
GfxDevice: creating device client; threaded=0; jobified=0
Direct3D:
    Version:  Direct3D 11.0 [level 11.1]
    Renderer: AMD Radeon RX 9060 XT (ID=0x7590)
    Vendor:   ATI
    VRAM:     16188 MB
    Driver:   32.0.31007.5012
Initialize mono
Mono path[0] = 'C:/Program Files/Unity/Hub/Editor/2022.3.62f3/Editor/Data/Managed'
Mono path[1] = 'C:/Program Files/Unity/Hub/Editor/2022.3.62f3/Editor/Data/MonoBleedingEdge/lib/mono/unityjit-win32'
Mono config path = 'C:/Program Files/Unity/Hub/Editor/2022.3.62f3/Editor/Data/MonoBleedingEdge/etc'
Using monoOptions --debugger-agent=transport=dt_socket,embedding=1,server=y,suspend=n,address=127.0.0.1:56464
Begin MonoManager ReloadAssembly
Registering precompiled unity dll's ...
Register platform support module: C:/Program Files/Unity/Hub/Editor/2022.3.62f3/Editor/Data/PlaybackEngines/WebGLSupport/UnityEditor.WebGL.Extensions.dll
Register platform support module: C:/Program Files/Unity/Hub/Editor/2022.3.62f3/Editor/Data/PlaybackEngines/WindowsStandaloneSupport/UnityEditor.WindowsStandalone.Extensions.dll
Registered in 0.004461 seconds.
- Loaded All Assemblies, in  0.259 seconds
Native extension for WindowsStandalone target not found
Native extension for WebGL target not found
Mono: successfully reloaded assembly
- Finished resetting the current domain, in  0.206 seconds
Domain Reload Profiling: 465ms
	BeginReloadAssembly (85ms)
		ExecutionOrderSort (0ms)
		DisableScriptedObjects (0ms)
		BackupInstance (0ms)
		ReleaseScriptingObjects (0ms)
		CreateAndSetChildDomain (1ms)
	RebuildCommonClasses (25ms)
	RebuildNativeTypeToScriptingClass (9ms)
	initialDomainReloadingComplete (40ms)
	LoadAllAssembliesAndSetupDomain (100ms)
		LoadAssemblies (83ms)
		RebuildTransferFunctionScriptingTraits (0ms)
		AnalyzeDomain (99ms)
			TypeCache.Refresh (98ms)
				TypeCache.ScanAssembly (87ms)
			ScanForSourceGeneratedMonoScriptInfo (0ms)
			ResolveRequiredComponents (0ms)
	FinalizeReload (207ms)
		ReleaseScriptCaches (0ms)
		RebuildScriptCaches (0ms)
		SetupLoadedEditorAssemblies (172ms)
			LogAssemblyErrors (0ms)
			InitializePlatformSupportModulesInManaged (7ms)
			SetLoadedEditorAssemblies (5ms)
			RefreshPlugins (0ms)
			BeforeProcessingInitializeOnLoad (2ms)
			ProcessInitializeOnLoadAttributes (121ms)
			ProcessInitializeOnLoadMethodAttributes (36ms)
			AfterProcessingInitializeOnLoad (0ms)
			EditorAssembliesLoaded (0ms)
		ExecutionOrderSort2 (0ms)
		AwakeInstancesAfterBackupRestoration (0ms)
========================================================================
Worker process is ready to serve import requests
Caller must complete domain reload
Begin MonoManager ReloadAssembly
- Loaded All Assemblies, in  0.638 seconds
Native extension for WindowsStandalone target not found
Native extension for WebGL target not found
Mono: successfully reloaded assembly
- Finished resetting the current domain, in  0.672 seconds
Domain Reload Profiling: 1309ms
	BeginReloadAssembly (120ms)
		ExecutionOrderSort (0ms)
		DisableScriptedObjects (5ms)
		BackupInstance (0ms)
		ReleaseScriptingObjects (0ms)
		CreateAndSetChildDomain (23ms)
	RebuildCommonClasses (30ms)
	RebuildNativeTypeToScriptingClass (10ms)
	initialDomainReloadingComplete (37ms)
	LoadAllAssembliesAndSetupDomain (440ms)
		LoadAssemblies (326ms)
		RebuildTransferFunctionScriptingTraits (0ms)
		AnalyzeDomain (177ms)
			TypeCache.Refresh (149ms)
				TypeCache.ScanAssembly (137ms)
			ScanForSourceGeneratedMonoScriptInfo (18ms)
			ResolveRequiredComponents (8ms)
	FinalizeReload (672ms)
		ReleaseScriptCaches (0ms)
		RebuildScriptCaches (0ms)
		SetupLoadedEditorAssemblies (541ms)
			LogAssemblyErrors (0ms)
			InitializePlatformSupportModulesInManaged (7ms)
			SetLoadedEditorAssemblies (3ms)
			RefreshPlugins (0ms)
			BeforeProcessingInitializeOnLoad (101ms)
			ProcessInitializeOnLoadAttributes (361ms)
			ProcessInitializeOnLoadMethodAttributes (65ms)
			AfterProcessingInitializeOnLoad (4ms)
			EditorAssembliesLoaded (0ms)
		ExecutionOrderSort2 (0ms)
		AwakeInstancesAfterBackupRestoration (6ms)
Launched and connected shader compiler UnityShaderCompiler.exe after 0.04 seconds
Refreshing native plugins compatible for Editor in 6.46 ms, found 4 plugins.
Preloading 0 native plugins for Editor in 0.00 ms.
Unloading 5517 Unused Serialized files (Serialized files now loaded: 0)
Unloading 33 unused Assets / (351.5 KB). Loaded Objects now: 6014.
Memory consumption went from 236.6 MB to 236.2 MB.
Total: 2.789600 ms (FindLiveObjects: 0.341800 ms CreateObjectMapping: 0.107400 ms MarkObjects: 2.181200 ms  DeleteObjects: 0.158500 ms)

AssetImportParameters requested are different than current active one (requested -> active):
  custom:container-demuxer-ogg: 62fdf1f143b41e24485cea50d1cbac27 -> 
  custom:video-codec-MediaFoundation-h265: 746d11721c4dcdbdad8f713fa42b33f4 -> 
  custom:video-decoder-ogg-theora: a1e56fd34408186e4bbccfd4996cb3dc -> 
  custom:framework-win-MediaFoundation: 216162199b28c13a410421893ffa2e32 -> 
  custom:CustomObjectIndexerAttribute: 72b91833f83ae208fae7752999fa3104 -> 
  custom:container-demuxer-webm: 4f35f7cbe854078d1ac9338744f61a02 -> 
  custom:container-muxer-webm: aa71ff27fc2769a1b78a27578f13a17b -> 
  custom:video-decoder-webm-vp8: 9c59270c3fd7afecdb556c50c9e8de78 -> 
  custom:SearchIndexIgnoredProperties: e643bd26f0fe6173181afceb89e7c659 -> 
  custom:AudioImporter_EditorPlatform: d09bf68614088b80899f8185d706f6e7 -> 
  custom:video-encoder-webm-vp8: eb34c28f22e8b96e1ab97ce403110664 -> 
  custom:audio-decoder-ogg-vorbis: bf7c407c2cedff20999df2af8eb42d56 -> 
  custom:audio-encoder-webm-vorbis: bf7c407c2cedff20999df2af8eb42d56 -> 
========================================================================
Received Import Request.
  Time since last request: 414147.509087 seconds.
  path: Assets/AssetHunts!/GameDev Starter Kit - Farming/Asset/Farm Crop/Farm_Crop_Carrot_01.prefab
  artifactKey: Guid(da30c56b3f093764d9d473da3bb794ef) Importer(815301076,1909f56bfc062723c751e8b465ee728b)
Start importing Assets/AssetHunts!/GameDev Starter Kit - Farming/Asset/Farm Crop/Farm_Crop_Carrot_01.prefab using Guid(da30c56b3f093764d9d473da3bb794ef) Importer(815301076,1909f56bfc062723c751e8b465ee728b) [PhysX] Initialized MultithreadedTaskDispatcher with 12 workers.
[PhysX] Initialized MultithreadedTaskDispatcher with 12 workers.
 -> (artifact id: '0fec65117c31f7780ee3548596d0e688') in 0.306767 seconds
Number of updated asset objects reloaded before import = 0
Number of asset objects unloaded after import = 37
========================================================================
Received Import Request.
  Time since last request: 0.000021 seconds.
  path: Assets/AssetHunts!/GameDev Starter Kit - Farming/Asset/Farm Crop Sign/Farm_Crop_Sign_Cauliflower_01.prefab
  artifactKey: Guid(403e8d4f592a2c644aaa00551c759875) Importer(2089858483,0ecaa5967403d082aa24f35e1b516d23)
Start importing Assets/AssetHunts!/GameDev Starter Kit - Farming/Asset/Farm Crop Sign/Farm_Crop_Sign_Cauliflower_01.prefab using Guid(403e8d4f592a2c644aaa00551c759875) Importer(2089858483,0ecaa5967403d082aa24f35e1b516d23) [PhysX] Initialized MultithreadedTaskDispatcher with 12 workers.
 -> (artifact id: 'ac35c110d456cddb84deb13944893ea0') in 0.131114 seconds
Number of updated asset objects reloaded before import = 0
Number of asset objects unloaded after import = 13
========================================================================
Received Import Request.
  Time since last request: 0.095969 seconds.
  path: Assets/AssetHunts!/GameDev Starter Kit - Farming/Asset/3D Tile/3D_Tile_Water_01A.prefab
  artifactKey: Guid(1e166ca65f836ad40a323e96a291f029) Importer(2089858483,0ecaa5967403d082aa24f35e1b516d23)
Start importing Assets/AssetHunts!/GameDev Starter Kit - Farming/Asset/3D Tile/3D_Tile_Water_01A.prefab using Guid(1e166ca65f836ad40a323e96a291f029) Importer(2089858483,0ecaa5967403d082aa24f35e1b516d23) [PhysX] Initialized MultithreadedTaskDispatcher with 12 workers.
 -> (artifact id: 'cd2a74da18f4df44b845da7ddc0bc9ea') in 0.014881 seconds
Number of updated asset objects reloaded before import = 0
Number of asset objects unloaded after import = 7
========================================================================
Received Import Request.
  Time since last request: 0.000015 seconds.
  path: Assets/AssetHunts!/GameDev Starter Kit - Farming/Asset/Farm Crop Step/Farm_Crop_Broccoli_Step_02.prefab
  artifactKey: Guid(7dcfc0262ea40ce41892de4befc9a847) Importer(2089858483,0ecaa5967403d082aa24f35e1b516d23)
Start importing Assets/AssetHunts!/GameDev Starter Kit - Farming/Asset/Farm Crop Step/Farm_Crop_Broccoli_Step_02.prefab using Guid(7dcfc0262ea40ce41892de4befc9a847) Importer(2089858483,0ecaa5967403d082aa24f35e1b516d23) [PhysX] Initialized MultithreadedTaskDispatcher with 12 workers.
 -> (artifact id: '21011fc22ca400d62ab8a493e5386271') in 0.022170 seconds
Number of updated asset objects reloaded before import = 0
Number of asset objects unloaded after import = 13
========================================================================
Received Import Request.
  Time since last request: 0.000019 seconds.
  path: Assets/AssetHunts!/GameDev Starter Kit - Farming/Asset/3D Tile/3D_Tile_Ground_Slope_01v02.prefab
  artifactKey: Guid(7873373fac8b05c4599f7d8af2b53e3e) Importer(2089858483,0ecaa5967403d082aa24f35e1b516d23)
Start importing Assets/AssetHunts!/GameDev Starter Kit - Farming/Asset/3D Tile/3D_Tile_Ground_Slope_01v02.prefab using Guid(7873373fac8b05c4599f7d8af2b53e3e) Importer(2089858483,0ecaa5967403d082aa24f35e1b516d23) [PhysX] Initialized MultithreadedTaskDispatcher with 12 workers.
 -> (artifact id: '64c1c53d8e073bc6daf9fd11428ebce9') in 0.015245 seconds
Number of updated asset objects reloaded before import = 0
Number of asset objects unloaded after import = 6
========================================================================
Received Import Request.
  Time since last request: 0.000016 seconds.
  path: Assets/AssetHunts!/GameDev Starter Kit - Farming/Source File/3D_Tile_Water_01.fbx
  artifactKey: Guid(764ae2a9bce818e40935276674873bb7) Importer(2089858483,0ecaa5967403d082aa24f35e1b516d23)
Start importing Assets/AssetHunts!/GameDev Starter Kit - Farming/Source File/3D_Tile_Water_01.fbx using Guid(764ae2a9bce818e40935276674873bb7) Importer(2089858483,0ecaa5967403d082aa24f35e1b516d23) [PhysX] Initialized MultithreadedTaskDispatcher with 12 workers.
 -> (artifact id: 'e439cdcb254b6af2e3bc28b556cc55f2') in 0.036496 seconds
Number of updated asset objects reloaded before import = 0
Number of asset objects unloaded after import = 8
========================================================================
Received Import Request.
  Time since last request: 0.388856 seconds.
  path: Assets/AssetHunts!/GameDev Starter Kit - Farming/Asset/Farm Crop Step/Farm_Crop_Carrot_Step_02.prefab
  artifactKey: Guid(1a0fc3072ca96ec4283af64115b956a1) Importer(2089858483,0ecaa5967403d082aa24f35e1b516d23)
Start importing Assets/AssetHunts!/GameDev Starter Kit - Farming/Asset/Farm Crop Step/Farm_Crop_Carrot_Step_02.prefab using Guid(1a0fc3072ca96ec4283af64115b956a1) Importer(2089858483,0ecaa5967403d082aa24f35e1b516d23) [PhysX] Initialized MultithreadedTaskDispatcher with 12 workers.
 -> (artifact id: '6e323a3a9efb0f12d4e062507054dfc9') in 0.016231 seconds
Number of updated asset objects reloaded before import = 0
Number of asset objects unloaded after import = 13
========================================================================
Received Import Request.
  Time since last request: 0.000017 seconds.
  path: Assets/AssetHunts!/GameDev Starter Kit - Farming/Source File/Plant_Pine_01.fbx
  artifactKey: Guid(fb8d57452a088834d980be64d714b527) Importer(2089858483,0ecaa5967403d082aa24f35e1b516d23)
Start importing Assets/AssetHunts!/GameDev Starter Kit - Farming/Source File/Plant_Pine_01.fbx using Guid(fb8d57452a088834d980be64d714b527) Importer(2089858483,0ecaa5967403d082aa24f35e1b516d23) [PhysX] Initialized MultithreadedTaskDispatcher with 12 workers.
 -> (artifact id: '22672bc3672c14f4847191c35493ebac') in 0.018082 seconds
Number of updated asset objects reloaded before import = 0
Number of asset objects unloaded after import = 8
========================================================================
Received Import Request.
  Time since last request: 0.000060 seconds.
  path: Assets/AssetHunts!/GameDev Starter Kit - Farming/Asset/Collectible
  artifactKey: Guid(6edf9392d8ff3414594aef84911087d9) Importer(2089858483,0ecaa5967403d082aa24f35e1b516d23)
Start importing Assets/AssetHunts!/GameDev Starter Kit - Farming/Asset/Collectible using Guid(6edf9392d8ff3414594aef84911087d9) Importer(2089858483,0ecaa5967403d082aa24f35e1b516d23) [PhysX] Initialized MultithreadedTaskDispatcher with 12 workers.
 -> (artifact id: 'f7bfb5e73df07550c35a2187a0b0945d') in 0.009046 seconds
Number of updated asset objects reloaded before import = 0
Number of asset objects unloaded after import = 1
========================================================================
Received Import Request.
  Time since last request: 0.000019 seconds.
  path: Assets/AssetHunts!/GameDev Starter Kit - Farming/Asset/Farm Crop Step/Farm_Crop_Sunflower_Step_01.prefab
  artifactKey: Guid(0078b9131652b014992393af8523ccbc) Importer(2089858483,0ecaa5967403d082aa24f35e1b516d23)
Start importing Assets/AssetHunts!/GameDev Starter Kit - Farming/Asset/Farm Crop Step/Farm_Crop_Sunflower_Step_01.prefab using Guid(0078b9131652b014992393af8523ccbc) Importer(2089858483,0ecaa5967403d082aa24f35e1b516d23) [PhysX] Initialized MultithreadedTaskDispatcher with 12 workers.
 -> (artifact id: '81f3e277487dadac9342cae00eabcd3c') in 0.015407 seconds
Number of updated asset objects reloaded before import = 0
Number of asset objects unloaded after import = 13
========================================================================
Received Import Request.
  Time since last request: 0.000015 seconds.
  path: Assets/AssetHunts!/GameDev Starter Kit - Farming/Source File/3D_Tile_Ground_Slope_01.fbx
  artifactKey: Guid(40bc1889db3249544a2044f38ddec962) Importer(2089858483,0ecaa5967403d082aa24f35e1b516d23)
Start importing Assets/AssetHunts!/GameDev Starter Kit - Farming/Source File/3D_Tile_Ground_Slope_01.fbx using Guid(40bc1889db3249544a2044f38ddec962) Importer(2089858483,0ecaa5967403d082aa24f35e1b516d23) [PhysX] Initialized MultithreadedTaskDispatcher with 12 workers.
 -> (artifact id: '82031bfd33cea5b9f7757db24524d31b') in 0.019694 seconds
Number of updated asset objects reloaded before import = 0
Number of asset objects unloaded after import = 8
========================================================================
Received Import Request.
  Time since last request: 0.393854 seconds.
  path: Assets/AssetHunts!/GameDev Starter Kit - Farming/Source File/Farm_Crop_Sign_Mashroom_02.fbx
  artifactKey: Guid(9b2db26a336252a488136503ddf0e8f5) Importer(2089858483,0ecaa5967403d082aa24f35e1b516d23)
Start importing Assets/AssetHunts!/GameDev Starter Kit - Farming/Source File/Farm_Crop_Sign_Mashroom_02.fbx using Guid(9b2db26a336252a488136503ddf0e8f5) Importer(2089858483,0ecaa5967403d082aa24f35e1b516d23) [PhysX] Initialized MultithreadedTaskDispatcher with 12 workers.
 -> (artifact id: 'c05fac46a799c97b3a6b126bd2800ff8') in 0.022699 seconds
Number of updated asset objects reloaded before import = 0
Number of asset objects unloaded after import = 8
========================================================================
Received Import Request.
  Time since last request: 0.000016 seconds.
  path: Assets/AssetHunts!/GameDev Starter Kit - Farming/Source File/3D_Tile_Dungeon_Slope_01A.fbx
  artifactKey: Guid(a52c0e9cc1ffdb741b6e79f16a127546) Importer(2089858483,0ecaa5967403d082aa24f35e1b516d23)
Start importing Assets/AssetHunts!/GameDev Starter Kit - Farming/Source File/3D_Tile_Dungeon_Slope_01A.fbx using Guid(a52c0e9cc1ffdb741b6e79f16a127546) Importer(2089858483,0ecaa5967403d082aa24f35e1b516d23) [PhysX] Initialized MultithreadedTaskDispatcher with 12 workers.
 -> (artifact id: '7c61725d121b571d0190651f751dcf62') in 0.021894 seconds
Number of updated asset objects reloaded before import = 0
Number of asset objects unloaded after import = 8
========================================================================
Received Import Request.
  Time since last request: 0.000017 seconds.
  path: Assets/AssetHunts!/GameDev Starter Kit - Farming/Asset/Farm Tree/Farm_Crop_Tree_02.prefab
  artifactKey: Guid(11c53348ed97abc409847c78de1c27ec) Importer(2089858483,0ecaa5967403d082aa24f35e1b516d23)
Start importing Assets/AssetHunts!/GameDev Starter Kit - Farming/Asset/Farm Tree/Farm_Crop_Tree_02.prefab using Guid(11c53348ed97abc409847c78de1c27ec) Importer(2089858483,0ecaa5967403d082aa24f35e1b516d23) [PhysX] Initialized MultithreadedTaskDispatcher with 12 workers.
 -> (artifact id: 'e589f7f094f3350ecf9b020ca1aec1e4') in 0.013817 seconds
Number of updated asset objects reloaded before import = 0
Number of asset objects unloaded after import = 13
========================================================================
Received Import Request.
  Time since last request: 0.000020 seconds.
  path: Assets/AssetHunts!/GameDev Starter Kit - Farming/Asset/Cloud/Cloud_03.prefab
  artifactKey: Guid(a2e64bce3eea2764f91dfab728545534) Importer(2089858483,0ecaa5967403d082aa24f35e1b516d23)
Start importing Assets/AssetHunts!/GameDev Starter Kit - Farming/Asset/Cloud/Cloud_03.prefab using Guid(a2e64bce3eea2764f91dfab728545534) Importer(2089858483,0ecaa5967403d082aa24f35e1b516d23) [PhysX] Initialized MultithreadedTaskDispatcher with 12 workers.
 -> (artifact id: 'e3670a2811df80b82ea37a0b8d343b82') in 0.014115 seconds
Number of updated asset objects reloaded before import = 0
Number of asset objects unloaded after import = 13
========================================================================
Received Import Request.
  Time since last request: 0.000020 seconds.
  path: Assets/AssetHunts!/GameDev Starter Kit - Farming/Animation
  artifactKey: Guid(132aa228584e50a408dccd5cac0bb9bb) Importer(2089858483,0ecaa5967403d082aa24f35e1b516d23)
Start importing Assets/AssetHunts!/GameDev Starter Kit - Farming/Animation using Guid(132aa228584e50a408dccd5cac0bb9bb) Importer(2089858483,0ecaa5967403d082aa24f35e1b516d23) [PhysX] Initialized MultithreadedTaskDispatcher with 12 workers.
 -> (artifact id: '26a87a2c2cd6081604b7d81f1ba72bff') in 0.008242 seconds
Number of updated asset objects reloaded before import = 0
Number of asset objects unloaded after import = 1
========================================================================
Received Import Request.
  Time since last request: 0.390283 seconds.
  path: Assets/AssetHunts!/GameDev Starter Kit - Farming/Source File/Farm_Tree_Product_Apple_01.fbx
  artifactKey: Guid(3e99cf8585267b74380996849d28270c) Importer(2089858483,0ecaa5967403d082aa24f35e1b516d23)
Start importing Assets/AssetHunts!/GameDev Starter Kit - Farming/Source File/Farm_Tree_Product_Apple_01.fbx using Guid(3e99cf8585267b74380996849d28270c) Importer(2089858483,0ecaa5967403d082aa24f35e1b516d23) [PhysX] Initialized MultithreadedTaskDispatcher with 12 workers.
 -> (artifact id: 'dbd029730a36a26423618a2d405362ff') in 0.019710 seconds
Number of updated asset objects reloaded before import = 0
Number of asset objects unloaded after import = 8
========================================================================
Received Import Request.
  Time since last request: 0.000016 seconds.
  path: Assets/AssetHunts!/GameDev Starter Kit - Farming/Source File/3D_Tile_Socket_Dungeon_04.fbx
  artifactKey: Guid(851291e3168a57e42a12fee09ae9067c) Importer(2089858483,0ecaa5967403d082aa24f35e1b516d23)
Start importing Assets/AssetHunts!/GameDev Starter Kit - Farming/Source File/3D_Tile_Socket_Dungeon_04.fbx using Guid(851291e3168a57e42a12fee09ae9067c) Importer(2089858483,0ecaa5967403d082aa24f35e1b516d23) [PhysX] Initialized MultithreadedTaskDispatcher with 12 workers.
 -> (artifact id: '10fd874bab02a942458810f70d55d42c') in 0.017084 seconds
Number of updated asset objects reloaded before import = 0
Number of asset objects unloaded after import = 8
========================================================================
Received Import Request.
  Time since last request: 0.000017 seconds.
  path: Assets/AssetHunts!/GameDev Starter Kit - Farming/Asset/Collectible/Collectable_Heart_01.prefab
  artifactKey: Guid(2e5f0dd626fadf14a9ad75aa89a00421) Importer(2089858483,0ecaa5967403d082aa24f35e1b516d23)
Start importing Assets/AssetHunts!/GameDev Starter Kit - Farming/Asset/Collectible/Collectable_Heart_01.prefab using Guid(2e5f0dd626fadf14a9ad75aa89a00421) Importer(2089858483,0ecaa5967403d082aa24f35e1b516d23) [PhysX] Initialized MultithreadedTaskDispatcher with 12 workers.
 -> (artifact id: '4678803ec4affb58df3e67591a79af6c') in 0.013227 seconds
Number of updated asset objects reloaded before import = 0
Number of asset objects unloaded after import = 13
========================================================================
Received Import Request.
  Time since last request: 0.000018 seconds.
  path: Assets/AssetHunts!/GameDev Starter Kit - Farming/Source File/3D_Tile_Ground_03.fbx
  artifactKey: Guid(a8337c4b9525ebd419a957b4ad212cf6) Importer(2089858483,0ecaa5967403d082aa24f35e1b516d23)
Start importing Assets/AssetHunts!/GameDev Starter Kit - Farming/Source File/3D_Tile_Ground_03.fbx using Guid(a8337c4b9525ebd419a957b4ad212cf6) Importer(2089858483,0ecaa5967403d082aa24f35e1b516d23) [PhysX] Initialized MultithreadedTaskDispatcher with 12 workers.
 -> (artifact id: 'd566b65b8d7780637450684f0b14e3f9') in 0.019401 seconds
Number of updated asset objects reloaded before import = 0
Number of asset objects unloaded after import = 8
========================================================================
Received Import Request.
  Time since last request: 0.000026 seconds.
  path: Assets/AssetHunts!/GameDev Starter Kit - Farming/Asset/3D Tile/3D_Tile_Ground_Slope_01.prefab
  artifactKey: Guid(f5f2c6809a56e0d4fb89ebd86315901e) Importer(2089858483,0ecaa5967403d082aa24f35e1b516d23)
Start importing Assets/AssetHunts!/GameDev Starter Kit - Farming/Asset/3D Tile/3D_Tile_Ground_Slope_01.prefab using Guid(f5f2c6809a56e0d4fb89ebd86315901e) Importer(2089858483,0ecaa5967403d082aa24f35e1b516d23) [PhysX] Initialized MultithreadedTaskDispatcher with 12 workers.
 -> (artifact id: '03ed275abb3e622b7de9d0d85182c192') in 0.013369 seconds
Number of updated asset objects reloaded before import = 0
Number of asset objects unloaded after import = 7
========================================================================
Received Import Request.
  Time since last request: 0.391063 seconds.
  path: Assets/AssetHunts!/GameDev Starter Kit - Farming/Asset/Farm Crop Step/Farm_Crop_Cauliflower_Step_02.prefab
  artifactKey: Guid(37774da3967f68340b832156ac4a51c8) Importer(2089858483,0ecaa5967403d082aa24f35e1b516d23)
Start importing Assets/AssetHunts!/GameDev Starter Kit - Farming/Asset/Farm Crop Step/Farm_Crop_Cauliflower_Step_02.prefab using Guid(37774da3967f68340b832156ac4a51c8) Importer(2089858483,0ecaa5967403d082aa24f35e1b516d23) [PhysX] Initialized MultithreadedTaskDispatcher with 12 workers.
 -> (artifact id: '4dcd86e8ac1e67e8e2d6db65fceeaf72') in 0.012804 seconds
Number of updated asset objects reloaded before import = 0
Number of asset objects unloaded after import = 13
========================================================================
Received Import Request.
  Time since last request: 0.000017 seconds.
  path: Assets/AssetHunts!/GameDev Starter Kit - Farming/Source File/3D_Tile_Ground_Slope_02B.fbx
  artifactKey: Guid(9029ff63d46a1a444b2564308bf264c5) Importer(2089858483,0ecaa5967403d082aa24f35e1b516d23)
Start importing Assets/AssetHunts!/GameDev Starter Kit - Farming/Source File/3D_Tile_Ground_Slope_02B.fbx using Guid(9029ff63d46a1a444b2564308bf264c5) Importer(2089858483,0ecaa5967403d082aa24f35e1b516d23) [PhysX] Initialized MultithreadedTaskDispatcher with 12 workers.
 -> (artifact id: '63a0df5ada2b232acf8bcde7c0d361e7') in 0.019917 seconds
Number of updated asset objects reloaded before import = 0
Number of asset objects unloaded after import = 8
========================================================================
Received Import Request.
  Time since last request: 0.000017 seconds.
  path: Assets/AssetHunts!/GameDev Starter Kit - Farming/Source File/3D_Tile_Socket_Ground_01.fbx
  artifactKey: Guid(83e25382d88661e4ca2b0cb256f6d50e) Importer(2089858483,0ecaa5967403d082aa24f35e1b516d23)
Start importing Assets/AssetHunts!/GameDev Starter Kit - Farming/Source File/3D_Tile_Socket_Ground_01.fbx using Guid(83e25382d88661e4ca2b0cb256f6d50e) Importer(2089858483,0ecaa5967403d082aa24f35e1b516d23) [PhysX] Initialized MultithreadedTaskDispatcher with 12 workers.
 -> (artifact id: '30e72c6cb138f95f44faa073a4f4000f') in 0.019317 seconds
Number of updated asset objects reloaded before import = 0
Number of asset objects unloaded after import = 8
========================================================================
Received Import Request.
  Time since last request: 0.000015 seconds.
  path: Assets/AssetHunts!/GameDev Starter Kit - Farming/Asset/Selection Pointer
  artifactKey: Guid(f7e005f5c1d060b4cac2e13f879e4ced) Importer(2089858483,0ecaa5967403d082aa24f35e1b516d23)
Start importing Assets/AssetHunts!/GameDev Starter Kit - Farming/Asset/Selection Pointer using Guid(f7e005f5c1d060b4cac2e13f879e4ced) Importer(2089858483,0ecaa5967403d082aa24f35e1b516d23) [PhysX] Initialized MultithreadedTaskDispatcher with 12 workers.
 -> (artifact id: 'dfa08c3b3db8f3d5756d8ee41be9ac70') in 0.008564 seconds
Number of updated asset objects reloaded before import = 0
Number of asset objects unloaded after import = 1
========================================================================
Received Import Request.
  Time since last request: 0.000014 seconds.
  path: Assets/AssetHunts!/GameDev Starter Kit - Farming/Asset/Farm Crop Sign/Farm_Crop_Sign_Mashroom_02.prefab
  artifactKey: Guid(1d9bd8633a571a64c974d2ba5667c838) Importer(2089858483,0ecaa5967403d082aa24f35e1b516d23)
Start importing Assets/AssetHunts!/GameDev Starter Kit - Farming/Asset/Farm Crop Sign/Farm_Crop_Sign_Mashroom_02.prefab using Guid(1d9bd8633a571a64c974d2ba5667c838) Importer(2089858483,0ecaa5967403d082aa24f35e1b516d23) [PhysX] Initialized MultithreadedTaskDispatcher with 12 workers.
 -> (artifact id: 'f19cc9a7432322e646fa8943721a0610') in 0.014975 seconds
Number of updated asset objects reloaded before import = 0
Number of asset objects unloaded after import = 13
========================================================================
Received Import Request.
  Time since last request: 0.398008 seconds.
  path: Assets/AssetHunts!/GameDev Starter Kit - Farming/Asset/3D Tile/3D_Tile_Ground_Slope_04B.prefab
  artifactKey: Guid(0cf91296741416740b2e53de440d2689) Importer(2089858483,0ecaa5967403d082aa24f35e1b516d23)
Start importing Assets/AssetHunts!/GameDev Starter Kit - Farming/Asset/3D Tile/3D_Tile_Ground_Slope_04B.prefab using Guid(0cf91296741416740b2e53de440d2689) Importer(2089858483,0ecaa5967403d082aa24f35e1b516d23) [PhysX] Initialized MultithreadedTaskDispatcher with 12 workers.
 -> (artifact id: '8822799809a8b88132db9c2dc38545c5') in 0.012744 seconds
Number of updated asset objects reloaded before import = 0
Number of asset objects unloaded after import = 7
========================================================================
Received Import Request.
  Time since last request: 0.000023 seconds.
  path: Assets/AssetHunts!/GameDev Starter Kit - Farming/Source File/Plant_Pine_Ice_01A.fbx
  artifactKey: Guid(afcb4ef9b9e543f4da482ce6b8c46296) Importer(2089858483,0ecaa5967403d082aa24f35e1b516d23)
Start importing Assets/AssetHunts!/GameDev Starter Kit - Farming/Source File/Plant_Pine_Ice_01A.fbx using Guid(afcb4ef9b9e543f4da482ce6b8c46296) Importer(2089858483,0ecaa5967403d082aa24f35e1b516d23) [PhysX] Initialized MultithreadedTaskDispatcher with 12 workers.
 -> (artifact id: '3efab2e9524bc837382d8a668bfbcc6a') in 0.020890 seconds
Number of updated asset objects reloaded before import = 0
Number of asset objects unloaded after import = 8
========================================================================
Received Import Request.
  Time since last request: 0.000020 seconds.
  path: Assets/AssetHunts!/GameDev Starter Kit - Farming/Source File/Farm_Crop_Corn_Step_02.fbx
  artifactKey: Guid(2f0a733783fca674aa6e5f20b8a5d25e) Importer(2089858483,0ecaa5967403d082aa24f35e1b516d23)
Start importing Assets/AssetHunts!/GameDev Starter Kit - Farming/Source File/Farm_Crop_Corn_Step_02.fbx using Guid(2f0a733783fca674aa6e5f20b8a5d25e) Importer(2089858483,0ecaa5967403d082aa24f35e1b516d23) [PhysX] Initialized MultithreadedTaskDispatcher with 12 workers.
 -> (artifact id: '398127afbe9c8d2699ac5a513143d4b0') in 0.031892 seconds
Number of updated asset objects reloaded before import = 0
Number of asset objects unloaded after import = 8
========================================================================
Received Import Request.
  Time since last request: 0.000017 seconds.
  path: Assets/AssetHunts!/GameDev Starter Kit - Farming/Asset/3D Tile/3D_Tile_Ground_Slope_04A.prefab
  artifactKey: Guid(1c0bb6523556d264986e688586779bbd) Importer(2089858483,0ecaa5967403d082aa24f35e1b516d23)
Start importing Assets/AssetHunts!/GameDev Starter Kit - Farming/Asset/3D Tile/3D_Tile_Ground_Slope_04A.prefab using Guid(1c0bb6523556d264986e688586779bbd) Importer(2089858483,0ecaa5967403d082aa24f35e1b516d23) [PhysX] Initialized MultithreadedTaskDispatcher with 12 workers.
 -> (artifact id: '784065d86496a498f77fe6543385c9de') in 0.012708 seconds
Number of updated asset objects reloaded before import = 0
Number of asset objects unloaded after import = 7
========================================================================
Received Import Request.
  Time since last request: 0.000020 seconds.
  path: Assets/AssetHunts!/GameDev Starter Kit - Farming/Asset/Farm Crop/Farm_Crop_Sunflower_01.prefab
  artifactKey: Guid(e7997aa72a2f37e48a05b60f2afb554a) Importer(2089858483,0ecaa5967403d082aa24f35e1b516d23)
Start importing Assets/AssetHunts!/GameDev Starter Kit - Farming/Asset/Farm Crop/Farm_Crop_Sunflower_01.prefab using Guid(e7997aa72a2f37e48a05b60f2afb554a) Importer(2089858483,0ecaa5967403d082aa24f35e1b516d23) [PhysX] Initialized MultithreadedTaskDispatcher with 12 workers.
 -> (artifact id: '5833a1bded66ef43daafe9e5740de87e') in 0.012726 seconds
Number of updated asset objects reloaded before import = 0
Number of asset objects unloaded after import = 13
========================================================================
Received Import Request.
  Time since last request: 0.379761 seconds.
  path: Assets/AssetHunts!/GameDev Starter Kit - Farming/Source File/Farm_Crop_Mashroom_02_Dead.fbx
  artifactKey: Guid(fe2c0b7ae1567ee4eabdf5811439e6fd) Importer(2089858483,0ecaa5967403d082aa24f35e1b516d23)
Start importing Assets/AssetHunts!/GameDev Starter Kit - Farming/Source File/Farm_Crop_Mashroom_02_Dead.fbx using Guid(fe2c0b7ae1567ee4eabdf5811439e6fd) Importer(2089858483,0ecaa5967403d082aa24f35e1b516d23) [PhysX] Initialized MultithreadedTaskDispatcher with 12 workers.
 -> (artifact id: 'e1558e11326012d3ea4007d98fe8b626') in 0.019475 seconds
Number of updated asset objects reloaded before import = 0
Number of asset objects unloaded after import = 8
========================================================================
Received Import Request.
  Time since last request: 0.000015 seconds.
  path: Assets/AssetHunts!/GameDev Starter Kit - Farming/Source File/3D_Tile_Ground_Slope_02A.fbx
  artifactKey: Guid(fa8d7b9ca02e7a049adf98d4af130669) Importer(2089858483,0ecaa5967403d082aa24f35e1b516d23)
Start importing Assets/AssetHunts!/GameDev Starter Kit - Farming/Source File/3D_Tile_Ground_Slope_02A.fbx using Guid(fa8d7b9ca02e7a049adf98d4af130669) Importer(2089858483,0ecaa5967403d082aa24f35e1b516d23) [PhysX] Initialized MultithreadedTaskDispatcher with 12 workers.
 -> (artifact id: '3c2f31697b6aa13e662d1b2bb6a04f12') in 0.021796 seconds
Number of updated asset objects reloaded before import = 0
Number of asset objects unloaded after import = 8
========================================================================
Received Import Request.
  Time since last request: 0.000019 seconds.
  path: Assets/AssetHunts!/GameDev Starter Kit - Farming/Asset/3D Tile/3D_Tile_Socket_Ground_02.prefab
  artifactKey: Guid(f8e076bb8c33e594abda0db7cf1fadb6) Importer(2089858483,0ecaa5967403d082aa24f35e1b516d23)
Start importing Assets/AssetHunts!/GameDev Starter Kit - Farming/Asset/3D Tile/3D_Tile_Socket_Ground_02.prefab using Guid(f8e076bb8c33e594abda0db7cf1fadb6) Importer(2089858483,0ecaa5967403d082aa24f35e1b516d23) [PhysX] Initialized MultithreadedTaskDispatcher with 12 workers.
 -> (artifact id: '94fa55b61ab8884692cdf839ec24aad7') in 0.012241 seconds
Number of updated asset objects reloaded before import = 0
Number of asset objects unloaded after import = 7
========================================================================
Received Import Request.
  Time since last request: 0.000025 seconds.
  path: Assets/AssetHunts!/GameDev Starter Kit - Farming/Source File/3D_Tile_Ground_Slope_02.fbx
  artifactKey: Guid(49e3c6f40ad0ff34681cfcc347505f7b) Importer(2089858483,0ecaa5967403d082aa24f35e1b516d23)
Start importing Assets/AssetHunts!/GameDev Starter Kit - Farming/Source File/3D_Tile_Ground_Slope_02.fbx using Guid(49e3c6f40ad0ff34681cfcc347505f7b) Importer(2089858483,0ecaa5967403d082aa24f35e1b516d23) [PhysX] Initialized MultithreadedTaskDispatcher with 12 workers.
 -> (artifact id: '1a5d22b9658abd7f40e8da312b3a7856') in 0.020284 seconds
Number of updated asset objects reloaded before import = 0
Number of asset objects unloaded after import = 8
========================================================================
Received Import Request.
  Time since last request: 0.000016 seconds.
  path: Assets/AssetHunts!/GameDev Starter Kit - Farming/Asset/Farm Fence/Farm_Fence_C_02.prefab
  artifactKey: Guid(bd60a5db143ac5346a0c4ce719a0baea) Importer(2089858483,0ecaa5967403d082aa24f35e1b516d23)
Start importing Assets/AssetHunts!/GameDev Starter Kit - Farming/Asset/Farm Fence/Farm_Fence_C_02.prefab using Guid(bd60a5db143ac5346a0c4ce719a0baea) Importer(2089858483,0ecaa5967403d082aa24f35e1b516d23) [PhysX] Initialized MultithreadedTaskDispatcher with 12 workers.
 -> (artifact id: 'd9ca694eae43d62d9cdf39603520fd79') in 0.012839 seconds
Number of updated asset objects reloaded before import = 0
Number of asset objects unloaded after import = 13
========================================================================
Received Import Request.
  Time since last request: 0.387112 seconds.
  path: Assets/AssetHunts!/GameDev Starter Kit - Farming/Source File/Farm_Crop_Carrot_01.fbx
  artifactKey: Guid(e0d136a1dd3e95d4fae769134e3c5536) Importer(2089858483,0ecaa5967403d082aa24f35e1b516d23)
Start importing Assets/AssetHunts!/GameDev Starter Kit - Farming/Source File/Farm_Crop_Carrot_01.fbx using Guid(e0d136a1dd3e95d4fae769134e3c5536) Importer(2089858483,0ecaa5967403d082aa24f35e1b516d23) [PhysX] Initialized MultithreadedTaskDispatcher with 12 workers.
 -> (artifact id: 'c222bb04faa16d980809e1a1c69ac722') in 0.019357 seconds
Number of updated asset objects reloaded before import = 0
Number of asset objects unloaded after import = 8
========================================================================
Received Import Request.
  Time since last request: 0.000017 seconds.
  path: Assets/AssetHunts!/GameDev Starter Kit - Farming/Source File/Farm_Crop_Sign_Carrot_01.fbx
  artifactKey: Guid(73adbb70f40b5794f916d4caca6c7d1f) Importer(2089858483,0ecaa5967403d082aa24f35e1b516d23)
Start importing Assets/AssetHunts!/GameDev Starter Kit - Farming/Source File/Farm_Crop_Sign_Carrot_01.fbx using Guid(73adbb70f40b5794f916d4caca6c7d1f) Importer(2089858483,0ecaa5967403d082aa24f35e1b516d23) [PhysX] Initialized MultithreadedTaskDispatcher with 12 workers.
 -> (artifact id: 'a3c093dad93d18a9a9ccf215ce40ac32') in 0.018594 seconds
Number of updated asset objects reloaded before import = 0
Number of asset objects unloaded after import = 8
========================================================================
Received Import Request.
  Time since last request: 0.000015 seconds.
  path: Assets/AssetHunts!/GameDev Starter Kit - Farming/Source File/3D_Tile_Dungeon_01A.fbx
  artifactKey: Guid(fe63fe2df918d7f4296c66d627a385de) Importer(2089858483,0ecaa5967403d082aa24f35e1b516d23)
Start importing Assets/AssetHunts!/GameDev Starter Kit - Farming/Source File/3D_Tile_Dungeon_01A.fbx using Guid(fe63fe2df918d7f4296c66d627a385de) Importer(2089858483,0ecaa5967403d082aa24f35e1b516d23) [PhysX] Initialized MultithreadedTaskDispatcher with 12 workers.
 -> (artifact id: '742159f1ae5ef716fc852d47eff8169c') in 0.020311 seconds
Number of updated asset objects reloaded before import = 0
Number of asset objects unloaded after import = 8
========================================================================
Received Import Request.
  Time since last request: 0.000018 seconds.
  path: Assets/AssetHunts!/GameDev Starter Kit - Farming/Source File/Farm_Crop_Broccoli_Step_02.fbx
  artifactKey: Guid(91f25a1fdc165934e9d92cde2eb81c37) Importer(2089858483,0ecaa5967403d082aa24f35e1b516d23)
Start importing Assets/AssetHunts!/GameDev Starter Kit - Farming/Source File/Farm_Crop_Broccoli_Step_02.fbx using Guid(91f25a1fdc165934e9d92cde2eb81c37) Importer(2089858483,0ecaa5967403d082aa24f35e1b516d23) [PhysX] Initialized MultithreadedTaskDispatcher with 12 workers.
 -> (artifact id: 'e645b5523fd37651a3e84390a88acebb') in 0.017614 seconds
Number of updated asset objects reloaded before import = 0
Number of asset objects unloaded after import = 8
========================================================================
Received Import Request.
  Time since last request: 0.000017 seconds.
  path: Assets/AssetHunts!/GameDev Starter Kit - Farming/Asset/Rock/Rock_A_03.prefab
  artifactKey: Guid(0504766475c4dbf43b8b5e23b77bec56) Importer(2089858483,0ecaa5967403d082aa24f35e1b516d23)
Start importing Assets/AssetHunts!/GameDev Starter Kit - Farming/Asset/Rock/Rock_A_03.prefab using Guid(0504766475c4dbf43b8b5e23b77bec56) Importer(2089858483,0ecaa5967403d082aa24f35e1b516d23) [PhysX] Initialized MultithreadedTaskDispatcher with 12 workers.
 -> (artifact id: '541d7737b0bf598edcefea27a2382e3d') in 0.014322 seconds
Number of updated asset objects reloaded before import = 0
Number of asset objects unloaded after import = 13
========================================================================
Received Import Request.
  Time since last request: 0.383923 seconds.
  path: Assets/AssetHunts!/GameDev Starter Kit - Farming/Source File/Farm_Crop_Cauliflower_01.fbx
  artifactKey: Guid(2c0fb9876dd42a64a850e121af14a73e) Importer(2089858483,0ecaa5967403d082aa24f35e1b516d23)
Start importing Assets/AssetHunts!/GameDev Starter Kit - Farming/Source File/Farm_Crop_Cauliflower_01.fbx using Guid(2c0fb9876dd42a64a850e121af14a73e) Importer(2089858483,0ecaa5967403d082aa24f35e1b516d23) [PhysX] Initialized MultithreadedTaskDispatcher with 12 workers.
 -> (artifact id: '31eeafd02d97bd3f4aabfc6eea1a1281') in 0.017793 seconds
Number of updated asset objects reloaded before import = 0
Number of asset objects unloaded after import = 8
========================================================================
Received Import Request.
  Time since last request: 0.000036 seconds.
  path: Assets/AssetHunts!/GameDev Starter Kit - Farming/Asset/3D Tile/3D_Tile_Dungeon_Slope_01B.prefab
  artifactKey: Guid(4979f9a9bf35014449086164b259c907) Importer(2089858483,0ecaa5967403d082aa24f35e1b516d23)
Start importing Assets/AssetHunts!/GameDev Starter Kit - Farming/Asset/3D Tile/3D_Tile_Dungeon_Slope_01B.prefab using Guid(4979f9a9bf35014449086164b259c907) Importer(2089858483,0ecaa5967403d082aa24f35e1b516d23) [PhysX] Initialized MultithreadedTaskDispatcher with 12 workers.
 -> (artifact id: '0b6f93b594c8b6faa3510ae54c38eeda') in 0.013274 seconds
Number of updated asset objects reloaded before import = 0
Number of asset objects unloaded after import = 7
========================================================================
Received Import Request.
  Time since last request: 0.000014 seconds.
  path: Assets/AssetHunts!/GameDev Starter Kit - Farming/Asset/3D Tile/3D_Tile_Ice_01.prefab
  artifactKey: Guid(5d1ee7ee80aada14bb78e789c69fa7f9) Importer(2089858483,0ecaa5967403d082aa24f35e1b516d23)
Start importing Assets/AssetHunts!/GameDev Starter Kit - Farming/Asset/3D Tile/3D_Tile_Ice_01.prefab using Guid(5d1ee7ee80aada14bb78e789c69fa7f9) Importer(2089858483,0ecaa5967403d082aa24f35e1b516d23) [PhysX] Initialized MultithreadedTaskDispatcher with 12 workers.
 -> (artifact id: '24d5d662b49450d2d34392517d27e8d9') in 0.012741 seconds
Number of updated asset objects reloaded before import = 0
Number of asset objects unloaded after import = 7
========================================================================
Received Import Request.
  Time since last request: 0.000017 seconds.
  path: Assets/AssetHunts!/GameDev Starter Kit - Farming/Source File/Farm_Crop_Sign_Cauliflower_01.fbx
  artifactKey: Guid(d202f361d5eb2814fad0ffd0047de09b) Importer(2089858483,0ecaa5967403d082aa24f35e1b516d23)
Start importing Assets/AssetHunts!/GameDev Starter Kit - Farming/Source File/Farm_Crop_Sign_Cauliflower_01.fbx using Guid(d202f361d5eb2814fad0ffd0047de09b) Importer(2089858483,0ecaa5967403d082aa24f35e1b516d23) [PhysX] Initialized MultithreadedTaskDispatcher with 12 workers.
 -> (artifact id: '9509ac8e011fd3b0e0046b106ed8ef22') in 0.018802 seconds
Number of updated asset objects reloaded before import = 0
Number of asset objects unloaded after import = 8
========================================================================
Received Import Request.
  Time since last request: 0.000020 seconds.
  path: Assets/AssetHunts!/GameDev Starter Kit - Farming/Source File/Farm_Crop_Sign_Sunflower_01.fbx
  artifactKey: Guid(1f394d5aa25cf5a42a20260e942e5587) Importer(2089858483,0ecaa5967403d082aa24f35e1b516d23)
Start importing Assets/AssetHunts!/GameDev Starter Kit - Farming/Source File/Farm_Crop_Sign_Sunflower_01.fbx using Guid(1f394d5aa25cf5a42a20260e942e5587) Importer(2089858483,0ecaa5967403d082aa24f35e1b516d23) [PhysX] Initialized MultithreadedTaskDispatcher with 12 workers.
 -> (artifact id: 'ff95710160fcf12cb8d0700d6bceac4e') in 0.019515 seconds
Number of updated asset objects reloaded before import = 0
Number of asset objects unloaded after import = 8
========================================================================
Received Import Request.
  Time since last request: 0.387081 seconds.
  path: Assets/AssetHunts!/GameDev Starter Kit - Farming/Source File/Props_Wooden_Barrel_01.fbx
  artifactKey: Guid(77aaa10ee7fe9224a92013430902f3a1) Importer(2089858483,0ecaa5967403d082aa24f35e1b516d23)
Start importing Assets/AssetHunts!/GameDev Starter Kit - Farming/Source File/Props_Wooden_Barrel_01.fbx using Guid(77aaa10ee7fe9224a92013430902f3a1) Importer(2089858483,0ecaa5967403d082aa24f35e1b516d23) [PhysX] Initialized MultithreadedTaskDispatcher with 12 workers.
 -> (artifact id: 'f236661189050b7622134bf6c4da766f') in 0.019856 seconds
Number of updated asset objects reloaded before import = 0
Number of asset objects unloaded after import = 8
========================================================================
Received Import Request.
  Time since last request: 0.475721 seconds.
  path: Assets/AssetHunts!/GameDev Starter Kit - Farming/Asset/3D Tile/3D_Tile_Ground_Slope_04.prefab
  artifactKey: Guid(e2d74488d2da94e47b46234ef7ccc582) Importer(2089858483,0ecaa5967403d082aa24f35e1b516d23)
Start importing Assets/AssetHunts!/GameDev Starter Kit - Farming/Asset/3D Tile/3D_Tile_Ground_Slope_04.prefab using Guid(e2d74488d2da94e47b46234ef7ccc582) Importer(2089858483,0ecaa5967403d082aa24f35e1b516d23) [PhysX] Initialized MultithreadedTaskDispatcher with 12 workers.
 -> (artifact id: '0e48a68260751d82488fbe095ddfb47b') in 0.011716 seconds
Number of updated asset objects reloaded before import = 0
Number of asset objects unloaded after import = 7
========================================================================
Received Import Request.
  Time since last request: 0.000018 seconds.
  path: Assets/AssetHunts!/GameDev Starter Kit - Farming/Source File/Rock_A_01.fbx
  artifactKey: Guid(757716d16cd4c8248a956e6dc2aca06c) Importer(2089858483,0ecaa5967403d082aa24f35e1b516d23)
Start importing Assets/AssetHunts!/GameDev Starter Kit - Farming/Source File/Rock_A_01.fbx using Guid(757716d16cd4c8248a956e6dc2aca06c) Importer(2089858483,0ecaa5967403d082aa24f35e1b516d23) [PhysX] Initialized MultithreadedTaskDispatcher with 12 workers.
 -> (artifact id: 'cf667f8de34cb2a7f295c57ddf90d706') in 0.019755 seconds
Number of updated asset objects reloaded before import = 0
Number of asset objects unloaded after import = 8
========================================================================
Received Import Request.
  Time since last request: 0.000017 seconds.
  path: Assets/AssetHunts!/GameDev Starter Kit - Farming/Asset/Collectible/Collectable_Diamond_01.prefab
  artifactKey: Guid(c30d29d6f45c94e4ab419af5b48ced21) Importer(2089858483,0ecaa5967403d082aa24f35e1b516d23)
Start importing Assets/AssetHunts!/GameDev Starter Kit - Farming/Asset/Collectible/Collectable_Diamond_01.prefab using Guid(c30d29d6f45c94e4ab419af5b48ced21) Importer(2089858483,0ecaa5967403d082aa24f35e1b516d23) [PhysX] Initialized MultithreadedTaskDispatcher with 12 workers.
 -> (artifact id: '9ea5d245e1735be34933b8b15eda06fa') in 0.012200 seconds
Number of updated asset objects reloaded before import = 0
Number of asset objects unloaded after import = 13
========================================================================
Received Import Request.
  Time since last request: 0.000016 seconds.
  path: Assets/AssetHunts!/GameDev Starter Kit - Farming/Source File/Selection_Pointer_02.fbx
  artifactKey: Guid(3513c75daa6713b42968a31f232fcf59) Importer(2089858483,0ecaa5967403d082aa24f35e1b516d23)
Start importing Assets/AssetHunts!/GameDev Starter Kit - Farming/Source File/Selection_Pointer_02.fbx using Guid(3513c75daa6713b42968a31f232fcf59) Importer(2089858483,0ecaa5967403d082aa24f35e1b516d23) [PhysX] Initialized MultithreadedTaskDispatcher with 12 workers.
 -> (artifact id: 'c7f8269b9e0067a18d6bcadffc5c0d82') in 0.018845 seconds
Number of updated asset objects reloaded before import = 0
Number of asset objects unloaded after import = 8
========================================================================
Received Import Request.
  Time since last request: 0.000015 seconds.
  path: Assets/AssetHunts!/GameDev Starter Kit - Farming/Source File/Plant_Pine_01A.fbx
  artifactKey: Guid(4d1c819c58b236542b96253f6b1a8281) Importer(2089858483,0ecaa5967403d082aa24f35e1b516d23)
Start importing Assets/AssetHunts!/GameDev Starter Kit - Farming/Source File/Plant_Pine_01A.fbx using Guid(4d1c819c58b236542b96253f6b1a8281) Importer(2089858483,0ecaa5967403d082aa24f35e1b516d23) [PhysX] Initialized MultithreadedTaskDispatcher with 12 workers.
 -> (artifact id: '272f96c606a9f05989df22b2cdd7a6c9') in 0.019932 seconds
Number of updated asset objects reloaded before import = 0
Number of asset objects unloaded after import = 8
========================================================================
Received Import Request.
  Time since last request: 0.000020 seconds.
  path: Assets/AssetHunts!/GameDev Starter Kit - Farming/Asset/Farm Crop Step/Farm_Crop_Broccoli_Dead.prefab
  artifactKey: Guid(6249dfe884f4917498b2f7830de4a8f7) Importer(2089858483,0ecaa5967403d082aa24f35e1b516d23)
Start importing Assets/AssetHunts!/GameDev Starter Kit - Farming/Asset/Farm Crop Step/Farm_Crop_Broccoli_Dead.prefab using Guid(6249dfe884f4917498b2f7830de4a8f7) Importer(2089858483,0ecaa5967403d082aa24f35e1b516d23) [PhysX] Initialized MultithreadedTaskDispatcher with 12 workers.
 -> (artifact id: 'cd642625319983a06f78d0e476703cbc') in 0.014347 seconds
Number of updated asset objects reloaded before import = 0
Number of asset objects unloaded after import = 13
========================================================================
Received Import Request.
  Time since last request: 0.000017 seconds.
  path: Assets/AssetHunts!/GameDev Starter Kit - Farming/Asset/3D Tile/3D_Tile_Dungeon_Slope_01A.prefab
  artifactKey: Guid(f3ce093de04a23446b6a0b234b791065) Importer(2089858483,0ecaa5967403d082aa24f35e1b516d23)
Start importing Assets/AssetHunts!/GameDev Starter Kit - Farming/Asset/3D Tile/3D_Tile_Dungeon_Slope_01A.prefab using Guid(f3ce093de04a23446b6a0b234b791065) Importer(2089858483,0ecaa5967403d082aa24f35e1b516d23) [PhysX] Initialized MultithreadedTaskDispatcher with 12 workers.
 -> (artifact id: 'b1fbb8e1a55081d8af5fe3276cea1e77') in 0.012523 seconds
Number of updated asset objects reloaded before import = 0
Number of asset objects unloaded after import = 7
========================================================================
Received Import Request.
  Time since last request: 0.000020 seconds.
  path: Assets/AssetHunts!/GameDev Starter Kit - Farming/Source File/Farm_Crop_Mashroom_02.fbx
  artifactKey: Guid(d58fde91727fd5d4883ff06ea8c53b42) Importer(2089858483,0ecaa5967403d082aa24f35e1b516d23)
Start importing Assets/AssetHunts!/GameDev Starter Kit - Farming/Source File/Farm_Crop_Mashroom_02.fbx using Guid(d58fde91727fd5d4883ff06ea8c53b42) Importer(2089858483,0ecaa5967403d082aa24f35e1b516d23) [PhysX] Initialized MultithreadedTaskDispatcher with 12 workers.
 -> (artifact id: 'bbed7405fb272ef0ea77138fa8fdf56b') in 0.021501 seconds
Number of updated asset objects reloaded before import = 0
Number of asset objects unloaded after import = 8
========================================================================
Received Import Request.
  Time since last request: 0.000028 seconds.
  path: Assets/AssetHunts!/GameDev Starter Kit - Farming/Source File/Farm_Crop_Carrot_Step_01.fbx
  artifactKey: Guid(1eb9800696136e9448656ad38f4e574b) Importer(2089858483,0ecaa5967403d082aa24f35e1b516d23)
Start importing Assets/AssetHunts!/GameDev Starter Kit - Farming/Source File/Farm_Crop_Carrot_Step_01.fbx using Guid(1eb9800696136e9448656ad38f4e574b) Importer(2089858483,0ecaa5967403d082aa24f35e1b516d23) [PhysX] Initialized MultithreadedTaskDispatcher with 12 workers.
 -> (artifact id: 'c9072438cef688461c04894f04e3130c') in 0.023034 seconds
Number of updated asset objects reloaded before import = 0
Number of asset objects unloaded after import = 8
========================================================================
Received Import Request.
  Time since last request: 0.000016 seconds.
  path: Assets/AssetHunts!/GameDev Starter Kit - Farming/Asset/Farm Crop Step/Farm_Crop_Sunflower_Step_02.prefab
  artifactKey: Guid(8f310ba589526d142839442e3eb756d0) Importer(2089858483,0ecaa5967403d082aa24f35e1b516d23)
Start importing Assets/AssetHunts!/GameDev Starter Kit - Farming/Asset/Farm Crop Step/Farm_Crop_Sunflower_Step_02.prefab using Guid(8f310ba589526d142839442e3eb756d0) Importer(2089858483,0ecaa5967403d082aa24f35e1b516d23) [PhysX] Initialized MultithreadedTaskDispatcher with 12 workers.
 -> (artifact id: 'd959a23d843686acdaf353f6f87738d9') in 0.021413 seconds
Number of updated asset objects reloaded before import = 0
Number of asset objects unloaded after import = 13
========================================================================
Received Import Request.
  Time since last request: 0.000015 seconds.
  path: Assets/AssetHunts!/GameDev Starter Kit - Farming/Asset/Prop/Props_Broken_Rope_Bridge_01.prefab
  artifactKey: Guid(1b5aa0ac49ecf354cacec3135a3e1a87) Importer(2089858483,0ecaa5967403d082aa24f35e1b516d23)
Start importing Assets/AssetHunts!/GameDev Starter Kit - Farming/Asset/Prop/Props_Broken_Rope_Bridge_01.prefab using Guid(1b5aa0ac49ecf354cacec3135a3e1a87) Importer(2089858483,0ecaa5967403d082aa24f35e1b516d23) [PhysX] Initialized MultithreadedTaskDispatcher with 12 workers.
 -> (artifact id: 'd893ab458bb208e5566b429f4ef01fd6') in 0.014101 seconds
Number of updated asset objects reloaded before import = 0
Number of asset objects unloaded after import = 13
========================================================================
Received Import Request.
  Time since last request: 0.000015 seconds.
  path: Assets/AssetHunts!/GameDev Starter Kit - Farming/Source File/3D_Tile_Ground_Slope_03B.fbx
  artifactKey: Guid(c044bb7dfc6b502458b5883910f3eeb1) Importer(2089858483,0ecaa5967403d082aa24f35e1b516d23)
Start importing Assets/AssetHunts!/GameDev Starter Kit - Farming/Source File/3D_Tile_Ground_Slope_03B.fbx using Guid(c044bb7dfc6b502458b5883910f3eeb1) Importer(2089858483,0ecaa5967403d082aa24f35e1b516d23) [PhysX] Initialized MultithreadedTaskDispatcher with 12 workers.
 -> (artifact id: '3126fa958eaba4d2d95c563cca65c160') in 0.020315 seconds
Number of updated asset objects reloaded before import = 0
Number of asset objects unloaded after import = 8
========================================================================
Received Import Request.
  Time since last request: 0.000018 seconds.
  path: Assets/AssetHunts!/GameDev Starter Kit - Farming/Source File/Props_Crate_01.fbx
  artifactKey: Guid(dc8c82d3a0c85f24584f49600c69af74) Importer(2089858483,0ecaa5967403d082aa24f35e1b516d23)
Start importing Assets/AssetHunts!/GameDev Starter Kit - Farming/Source File/Props_Crate_01.fbx using Guid(dc8c82d3a0c85f24584f49600c69af74) Importer(2089858483,0ecaa5967403d082aa24f35e1b516d23) [PhysX] Initialized MultithreadedTaskDispatcher with 12 workers.
 -> (artifact id: 'f2756916d3c9bc771612d9dc39a4d683') in 0.018253 seconds
Number of updated asset objects reloaded before import = 0
Number of asset objects unloaded after import = 8
========================================================================
Received Import Request.
  Time since last request: 0.000015 seconds.
  path: Assets/AssetHunts!/GameDev Starter Kit - Farming/Source File/3D_Tile_Ground_02A.fbx
  artifactKey: Guid(795821bc687200846981046bcf60de39) Importer(2089858483,0ecaa5967403d082aa24f35e1b516d23)
Start importing Assets/AssetHunts!/GameDev Starter Kit - Farming/Source File/3D_Tile_Ground_02A.fbx using Guid(795821bc687200846981046bcf60de39) Importer(2089858483,0ecaa5967403d082aa24f35e1b516d23) [PhysX] Initialized MultithreadedTaskDispatcher with 12 workers.
 -> (artifact id: '650a9f7020a3b33258f937820224c67a') in 0.020750 seconds
Number of updated asset objects reloaded before import = 0
Number of asset objects unloaded after import = 8
========================================================================
Received Import Request.
  Time since last request: 0.000015 seconds.
  path: Assets/AssetHunts!/GameDev Starter Kit - Farming/Source File/Farm_Crop_Sign_Corn_01.fbx
  artifactKey: Guid(f67d4041de9985b4587e5b3f4122efae) Importer(2089858483,0ecaa5967403d082aa24f35e1b516d23)
Start importing Assets/AssetHunts!/GameDev Starter Kit - Farming/Source File/Farm_Crop_Sign_Corn_01.fbx using Guid(f67d4041de9985b4587e5b3f4122efae) Importer(2089858483,0ecaa5967403d082aa24f35e1b516d23) [PhysX] Initialized MultithreadedTaskDispatcher with 12 workers.
 -> (artifact id: '7f0d5d0fa0972a1635d2399052599096') in 0.022362 seconds
Number of updated asset objects reloaded before import = 0
Number of asset objects unloaded after import = 8
========================================================================
Received Import Request.
  Time since last request: 0.000017 seconds.
  path: Assets/AssetHunts!/GameDev Starter Kit - Farming/Asset/3D Tile/3D_Tile_Ground_Slope_02.prefab
  artifactKey: Guid(62a088b282bafc1459fa97fc79109258) Importer(2089858483,0ecaa5967403d082aa24f35e1b516d23)
Start importing Assets/AssetHunts!/GameDev Starter Kit - Farming/Asset/3D Tile/3D_Tile_Ground_Slope_02.prefab using Guid(62a088b282bafc1459fa97fc79109258) Importer(2089858483,0ecaa5967403d082aa24f35e1b516d23) [PhysX] Initialized MultithreadedTaskDispatcher with 12 workers.
 -> (artifact id: '30a56be5e37cdb800b3b93b6af4ec22f') in 0.013919 seconds
Number of updated asset objects reloaded before import = 0
Number of asset objects unloaded after import = 7
========================================================================
Received Import Request.
  Time since last request: 0.000014 seconds.
  path: Assets/AssetHunts!/GameDev Starter Kit - Farming/Source File/Farm_Crop_Sign_Broccoli_01.fbx
  artifactKey: Guid(56be89d2faf531c4fb4a3937861231ee) Importer(2089858483,0ecaa5967403d082aa24f35e1b516d23)
Start importing Assets/AssetHunts!/GameDev Starter Kit - Farming/Source File/Farm_Crop_Sign_Broccoli_01.fbx using Guid(56be89d2faf531c4fb4a3937861231ee) Importer(2089858483,0ecaa5967403d082aa24f35e1b516d23) [PhysX] Initialized MultithreadedTaskDispatcher with 12 workers.
 -> (artifact id: '402fdba9c3a96f49a42563085d080110') in 0.019670 seconds
Number of updated asset objects reloaded before import = 0
Number of asset objects unloaded after import = 8
========================================================================
Received Import Request.
  Time since last request: 0.000019 seconds.
  path: Assets/AssetHunts!/GameDev Starter Kit - Farming/Source File/Farm_Crop_Cauliflower_Step_03.fbx
  artifactKey: Guid(71a8593e7d382344999984776435ba52) Importer(2089858483,0ecaa5967403d082aa24f35e1b516d23)
Start importing Assets/AssetHunts!/GameDev Starter Kit - Farming/Source File/Farm_Crop_Cauliflower_Step_03.fbx using Guid(71a8593e7d382344999984776435ba52) Importer(2089858483,0ecaa5967403d082aa24f35e1b516d23) [PhysX] Initialized MultithreadedTaskDispatcher with 12 workers.
 -> (artifact id: '33f5001f1976596a617da6e031fbb663') in 0.021836 seconds
Number of updated asset objects reloaded before import = 0
Number of asset objects unloaded after import = 8
========================================================================
Received Import Request.
  Time since last request: 0.000027 seconds.
  path: Assets/AssetHunts!/GameDev Starter Kit - Farming/Asset/Prop/Props_Wooden_Barrel_01.prefab
  artifactKey: Guid(da087c4e332736149955a4b28e2ea8b3) Importer(2089858483,0ecaa5967403d082aa24f35e1b516d23)
Start importing Assets/AssetHunts!/GameDev Starter Kit - Farming/Asset/Prop/Props_Wooden_Barrel_01.prefab using Guid(da087c4e332736149955a4b28e2ea8b3) Importer(2089858483,0ecaa5967403d082aa24f35e1b516d23) [PhysX] Initialized MultithreadedTaskDispatcher with 12 workers.
 -> (artifact id: '322d1c0487f929c7c15930625979e67c') in 0.012749 seconds
Number of updated asset objects reloaded before import = 0
Number of asset objects unloaded after import = 13
========================================================================
Received Import Request.
  Time since last request: 0.000017 seconds.
  path: Assets/AssetHunts!/GameDev Starter Kit - Farming/Source File/Farm_Fence_C_02.fbx
  artifactKey: Guid(3ab914b001b1a6844b59bc633c725989) Importer(2089858483,0ecaa5967403d082aa24f35e1b516d23)
Start importing Assets/AssetHunts!/GameDev Starter Kit - Farming/Source File/Farm_Fence_C_02.fbx using Guid(3ab914b001b1a6844b59bc633c725989) Importer(2089858483,0ecaa5967403d082aa24f35e1b516d23) [PhysX] Initialized MultithreadedTaskDispatcher with 12 workers.
 -> (artifact id: 'a58d57606a985ca8a65de6f6959f18df') in 0.019883 seconds
Number of updated asset objects reloaded before import = 0
Number of asset objects unloaded after import = 8
========================================================================
Received Import Request.
  Time since last request: 0.000018 seconds.
  path: Assets/AssetHunts!/GameDev Starter Kit - Farming/Asset/Farm Crop Step/Farm_Crop_Broccoli_Step_03.prefab
  artifactKey: Guid(dcf17dca09b40da408d9055d29925728) Importer(2089858483,0ecaa5967403d082aa24f35e1b516d23)
Start importing Assets/AssetHunts!/GameDev Starter Kit - Farming/Asset/Farm Crop Step/Farm_Crop_Broccoli_Step_03.prefab using Guid(dcf17dca09b40da408d9055d29925728) Importer(2089858483,0ecaa5967403d082aa24f35e1b516d23) [PhysX] Initialized MultithreadedTaskDispatcher with 12 workers.
 -> (artifact id: 'a87b9247101a97d960b9305ff4212db7') in 0.013216 seconds
Number of updated asset objects reloaded before import = 0
Number of asset objects unloaded after import = 13
========================================================================
Received Import Request.
  Time since last request: 0.000017 seconds.
  path: Assets/AssetHunts!/GameDev Starter Kit - Farming/Asset/Prop/Props_Wooden_Sign_03.prefab
  artifactKey: Guid(ed8caa6d81b488a4ca429865df39e166) Importer(2089858483,0ecaa5967403d082aa24f35e1b516d23)
Start importing Assets/AssetHunts!/GameDev Starter Kit - Farming/Asset/Prop/Props_Wooden_Sign_03.prefab using Guid(ed8caa6d81b488a4ca429865df39e166) Importer(2089858483,0ecaa5967403d082aa24f35e1b516d23) [PhysX] Initialized MultithreadedTaskDispatcher with 12 workers.
 -> (artifact id: '62c8d5e875fe7d3f11b2b34adf37d5c7') in 0.013515 seconds
Number of updated asset objects reloaded before import = 0
Number of asset objects unloaded after import = 13
========================================================================
Received Import Request.
  Time since last request: 0.000014 seconds.
  path: Assets/AssetHunts!/GameDev Starter Kit - Farming/Source File/Cloud_02.fbx
  artifactKey: Guid(ea8e2e3737261794c879a86d2c537ac1) Importer(2089858483,0ecaa5967403d082aa24f35e1b516d23)
Start importing Assets/AssetHunts!/GameDev Starter Kit - Farming/Source File/Cloud_02.fbx using Guid(ea8e2e3737261794c879a86d2c537ac1) Importer(2089858483,0ecaa5967403d082aa24f35e1b516d23) [PhysX] Initialized MultithreadedTaskDispatcher with 12 workers.
 -> (artifact id: '1efd0ca68837688a5f043cd77f3eeaca') in 0.022281 seconds
Number of updated asset objects reloaded before import = 0
Number of asset objects unloaded after import = 8
========================================================================
Received Import Request.
  Time since last request: 0.000020 seconds.
  path: Assets/AssetHunts!/GameDev Starter Kit - Farming/Asset/Cloud/Cloud_02.prefab
  artifactKey: Guid(2a643bcdd1ecad04fa9fac29b9cb24a2) Importer(2089858483,0ecaa5967403d082aa24f35e1b516d23)
Start importing Assets/AssetHunts!/GameDev Starter Kit - Farming/Asset/Cloud/Cloud_02.prefab using Guid(2a643bcdd1ecad04fa9fac29b9cb24a2) Importer(2089858483,0ecaa5967403d082aa24f35e1b516d23) [PhysX] Initialized MultithreadedTaskDispatcher with 12 workers.
 -> (artifact id: 'beffca982f0fb025c98d72c98920abe6') in 0.012408 seconds
Number of updated asset objects reloaded before import = 0
Number of asset objects unloaded after import = 13
========================================================================
Received Import Request.
  Time since last request: 0.000015 seconds.
  path: Assets/AssetHunts!/GameDev Starter Kit - Farming/Asset/Prop/Props_Tree_Stump_01.prefab
  artifactKey: Guid(d850353aa9604b24cb35f6f3cffe0742) Importer(2089858483,0ecaa5967403d082aa24f35e1b516d23)
Start importing Assets/AssetHunts!/GameDev Starter Kit - Farming/Asset/Prop/Props_Tree_Stump_01.prefab using Guid(d850353aa9604b24cb35f6f3cffe0742) Importer(2089858483,0ecaa5967403d082aa24f35e1b516d23) [PhysX] Initialized MultithreadedTaskDispatcher with 12 workers.
 -> (artifact id: '1cc2933a6b29bfd6d5cff76d9d9c83a0') in 0.013941 seconds
Number of updated asset objects reloaded before import = 0
Number of asset objects unloaded after import = 13
========================================================================
Received Import Request.
  Time since last request: 0.000018 seconds.
  path: Assets/AssetHunts!/GameDev Starter Kit - Farming/Source File/Collectible_Trophy_01.fbx
  artifactKey: Guid(7564a1c8a0179af429a3d140c7319033) Importer(2089858483,0ecaa5967403d082aa24f35e1b516d23)
Start importing Assets/AssetHunts!/GameDev Starter Kit - Farming/Source File/Collectible_Trophy_01.fbx using Guid(7564a1c8a0179af429a3d140c7319033) Importer(2089858483,0ecaa5967403d082aa24f35e1b516d23) [PhysX] Initialized MultithreadedTaskDispatcher with 12 workers.
 -> (artifact id: 'a4d3977e81a0aa4cb647e0a55e8e2ff6') in 0.019572 seconds
Number of updated asset objects reloaded before import = 0
Number of asset objects unloaded after import = 8
========================================================================
Received Import Request.
  Time since last request: 22.908841 seconds.
  path: Assets/AssetHunts!/GameDev Starter Kit - Farming/Asset/Farm Crop Sign/Farm_Crop_Sign_Carrot_01.prefab
  artifactKey: Guid(adb294e184d3bcb42b40fc315e549aa5) Importer(815301076,1909f56bfc062723c751e8b465ee728b)
Start importing Assets/AssetHunts!/GameDev Starter Kit - Farming/Asset/Farm Crop Sign/Farm_Crop_Sign_Carrot_01.prefab using Guid(adb294e184d3bcb42b40fc315e549aa5) Importer(815301076,1909f56bfc062723c751e8b465ee728b) [PhysX] Initialized MultithreadedTaskDispatcher with 12 workers.
[PhysX] Initialized MultithreadedTaskDispatcher with 12 workers.
 -> (artifact id: '175e08f584895d8e3c63f2be52cf88a1') in 0.015285 seconds
Number of updated asset objects reloaded before import = 0
Number of asset objects unloaded after import = 18
========================================================================
Received Import Request.
  Time since last request: 0.000015 seconds.
  path: Assets/AssetHunts!/GameDev Starter Kit - Farming/Asset/Farm Crop Sign/Farm_Crop_Sign_Mashroom_02.prefab
  artifactKey: Guid(1d9bd8633a571a64c974d2ba5667c838) Importer(815301076,1909f56bfc062723c751e8b465ee728b)
Start importing Assets/AssetHunts!/GameDev Starter Kit - Farming/Asset/Farm Crop Sign/Farm_Crop_Sign_Mashroom_02.prefab using Guid(1d9bd8633a571a64c974d2ba5667c838) Importer(815301076,1909f56bfc062723c751e8b465ee728b) [PhysX] Initialized MultithreadedTaskDispatcher with 12 workers.
[PhysX] Initialized MultithreadedTaskDispatcher with 12 workers.
 -> (artifact id: 'b9845816f4eb4ae64bbf78919e330fd8') in 0.011659 seconds
Number of updated asset objects reloaded before import = 0
Number of asset objects unloaded after import = 18
========================================================================
Received Import Request.
  Time since last request: 1.889488 seconds.
  path: Assets/AssetHunts!/GameDev Starter Kit - Farming/Asset/Farm Crop Step/Farm_Crop_Broccoli_Step_01.prefab
  artifactKey: Guid(e320f6a030aee824bb57e27031ae774e) Importer(815301076,1909f56bfc062723c751e8b465ee728b)
Start importing Assets/AssetHunts!/GameDev Starter Kit - Farming/Asset/Farm Crop Step/Farm_Crop_Broccoli_Step_01.prefab using Guid(e320f6a030aee824bb57e27031ae774e) Importer(815301076,1909f56bfc062723c751e8b465ee728b) [PhysX] Initialized MultithreadedTaskDispatcher with 12 workers.
[PhysX] Initialized MultithreadedTaskDispatcher with 12 workers.
 -> (artifact id: 'fd1bfd1ee5e47640bf05a77e132ea141') in 0.014442 seconds
Number of updated asset objects reloaded before import = 0
Number of asset objects unloaded after import = 18
========================================================================
Received Import Request.
  Time since last request: 0.000021 seconds.
  path: Assets/AssetHunts!/GameDev Starter Kit - Farming/Asset/Farm Crop Step/Farm_Crop_Carrot_Step_01.prefab
  artifactKey: Guid(f4ea6b9d24fd2164795278fa98ffb6c1) Importer(815301076,1909f56bfc062723c751e8b465ee728b)
Start importing Assets/AssetHunts!/GameDev Starter Kit - Farming/Asset/Farm Crop Step/Farm_Crop_Carrot_Step_01.prefab using Guid(f4ea6b9d24fd2164795278fa98ffb6c1) Importer(815301076,1909f56bfc062723c751e8b465ee728b) [PhysX] Initialized MultithreadedTaskDispatcher with 12 workers.
[PhysX] Initialized MultithreadedTaskDispatcher with 12 workers.
 -> (artifact id: '344a0cb297094f9249cc3d3b88bf2b98') in 0.011843 seconds
Number of updated asset objects reloaded before import = 0
Number of asset objects unloaded after import = 18
========================================================================
Received Import Request.
  Time since last request: 0.000016 seconds.
  path: Assets/AssetHunts!/GameDev Starter Kit - Farming/Asset/Farm Crop Step/Farm_Crop_Corn_Step_03.prefab
  artifactKey: Guid(530671a6dcce5b84992a7417b0d91c86) Importer(815301076,1909f56bfc062723c751e8b465ee728b)
Start importing Assets/AssetHunts!/GameDev Starter Kit - Farming/Asset/Farm Crop Step/Farm_Crop_Corn_Step_03.prefab using Guid(530671a6dcce5b84992a7417b0d91c86) Importer(815301076,1909f56bfc062723c751e8b465ee728b) [PhysX] Initialized MultithreadedTaskDispatcher with 12 workers.
[PhysX] Initialized MultithreadedTaskDispatcher with 12 workers.
 -> (artifact id: '6f1501d256ed99f353531ccaeae03b6e') in 0.013192 seconds
Number of updated asset objects reloaded before import = 0
Number of asset objects unloaded after import = 18
========================================================================
Received Import Request.
  Time since last request: 0.000021 seconds.
  path: Assets/AssetHunts!/GameDev Starter Kit - Farming/Asset/Farm Crop Step/Farm_Crop_Cauliflower_Dead.prefab
  artifactKey: Guid(673b78cface435642a56fca77cc0696a) Importer(815301076,1909f56bfc062723c751e8b465ee728b)
Start importing Assets/AssetHunts!/GameDev Starter Kit - Farming/Asset/Farm Crop Step/Farm_Crop_Cauliflower_Dead.prefab using Guid(673b78cface435642a56fca77cc0696a) Importer(815301076,1909f56bfc062723c751e8b465ee728b) [PhysX] Initialized MultithreadedTaskDispatcher with 12 workers.
[PhysX] Initialized MultithreadedTaskDispatcher with 12 workers.
 -> (artifact id: 'a88a2af61d973240a74d632a8dc8e9e1') in 0.013093 seconds
Number of updated asset objects reloaded before import = 0
Number of asset objects unloaded after import = 18
========================================================================
Received Import Request.
  Time since last request: 0.000013 seconds.
  path: Assets/AssetHunts!/GameDev Starter Kit - Farming/Asset/Farm Crop Step/Farm_Crop_Corn_Dead.prefab
  artifactKey: Guid(d211fdb599021ee40a5ee6d840fb510d) Importer(815301076,1909f56bfc062723c751e8b465ee728b)
Start importing Assets/AssetHunts!/GameDev Starter Kit - Farming/Asset/Farm Crop Step/Farm_Crop_Corn_Dead.prefab using Guid(d211fdb599021ee40a5ee6d840fb510d) Importer(815301076,1909f56bfc062723c751e8b465ee728b) [PhysX] Initialized MultithreadedTaskDispatcher with 12 workers.
[PhysX] Initialized MultithreadedTaskDispatcher with 12 workers.
 -> (artifact id: 'c5bb33c7685b15d2dabba053e6e38fe1') in 0.013709 seconds
Number of updated asset objects reloaded before import = 0
Number of asset objects unloaded after import = 18
========================================================================
Received Import Request.
  Time since last request: 0.000020 seconds.
  path: Assets/AssetHunts!/GameDev Starter Kit - Farming/Asset/Farm Crop Step/Farm_Crop_Mashroom_02_Step_03.prefab
  artifactKey: Guid(db349d6ba73da3244b8f16c2c0e30065) Importer(815301076,1909f56bfc062723c751e8b465ee728b)
Start importing Assets/AssetHunts!/GameDev Starter Kit - Farming/Asset/Farm Crop Step/Farm_Crop_Mashroom_02_Step_03.prefab using Guid(db349d6ba73da3244b8f16c2c0e30065) Importer(815301076,1909f56bfc062723c751e8b465ee728b) [PhysX] Initialized MultithreadedTaskDispatcher with 12 workers.
[PhysX] Initialized MultithreadedTaskDispatcher with 12 workers.
 -> (artifact id: 'ff66532b4a3125d01ef11937e1da514c') in 0.013422 seconds
Number of updated asset objects reloaded before import = 0
Number of asset objects unloaded after import = 18
========================================================================
Received Import Request.
  Time since last request: 0.000014 seconds.
  path: Assets/AssetHunts!/GameDev Starter Kit - Farming/Asset/Farm Crop Step/Farm_Crop_Cauliflower_Step_03.prefab
  artifactKey: Guid(8208b668c3b954947be70fc9690eeb2a) Importer(815301076,1909f56bfc062723c751e8b465ee728b)
Start importing Assets/AssetHunts!/GameDev Starter Kit - Farming/Asset/Farm Crop Step/Farm_Crop_Cauliflower_Step_03.prefab using Guid(8208b668c3b954947be70fc9690eeb2a) Importer(815301076,1909f56bfc062723c751e8b465ee728b) [PhysX] Initialized MultithreadedTaskDispatcher with 12 workers.
[PhysX] Initialized MultithreadedTaskDispatcher with 12 workers.
 -> (artifact id: '77fa9e1ba767f4da302467b2f269c82e') in 0.011855 seconds
Number of updated asset objects reloaded before import = 0
Number of asset objects unloaded after import = 18
========================================================================
Received Import Request.
  Time since last request: 0.000019 seconds.
  path: Assets/AssetHunts!/GameDev Starter Kit - Farming/Asset/Farm Crop Step/Farm_Crop_Sunflower_Step_03.prefab
  artifactKey: Guid(cf67da592a170c44a84fb43b95f4d848) Importer(815301076,1909f56bfc062723c751e8b465ee728b)
Start importing Assets/AssetHunts!/GameDev Starter Kit - Farming/Asset/Farm Crop Step/Farm_Crop_Sunflower_Step_03.prefab using Guid(cf67da592a170c44a84fb43b95f4d848) Importer(815301076,1909f56bfc062723c751e8b465ee728b) [PhysX] Initialized MultithreadedTaskDispatcher with 12 workers.
[PhysX] Initialized MultithreadedTaskDispatcher with 12 workers.
 -> (artifact id: 'c87886b0d1afff8ffcdd7030b4728a08') in 0.013059 seconds
Number of updated asset objects reloaded before import = 0
Number of asset objects unloaded after import = 18
========================================================================
Received Import Request.
  Time since last request: 7.875931 seconds.
  path: Assets/AssetHunts!/GameDev Starter Kit - Farming/Asset/Plant/Plant_Pine_01A.prefab
  artifactKey: Guid(9db7bc57225a7484d86ef92ac21e392d) Importer(815301076,1909f56bfc062723c751e8b465ee728b)
Start importing Assets/AssetHunts!/GameDev Starter Kit - Farming/Asset/Plant/Plant_Pine_01A.prefab using Guid(9db7bc57225a7484d86ef92ac21e392d) Importer(815301076,1909f56bfc062723c751e8b465ee728b) [PhysX] Initialized MultithreadedTaskDispatcher with 12 workers.
[PhysX] Initialized MultithreadedTaskDispatcher with 12 workers.
 -> (artifact id: 'b91481d2441b66b16a3b27fc62b5a010') in 0.013135 seconds
Number of updated asset objects reloaded before import = 0
Number of asset objects unloaded after import = 18
========================================================================
Received Import Request.
  Time since last request: 0.000014 seconds.
  path: Assets/AssetHunts!/GameDev Starter Kit - Farming/Asset/Plant/Plant_Pine_Ice_01A.prefab
  artifactKey: Guid(9d32c037678352248a82bc910265111a) Importer(815301076,1909f56bfc062723c751e8b465ee728b)
Start importing Assets/AssetHunts!/GameDev Starter Kit - Farming/Asset/Plant/Plant_Pine_Ice_01A.prefab using Guid(9d32c037678352248a82bc910265111a) Importer(815301076,1909f56bfc062723c751e8b465ee728b) [PhysX] Initialized MultithreadedTaskDispatcher with 12 workers.
[PhysX] Initialized MultithreadedTaskDispatcher with 12 workers.
 -> (artifact id: '396e540a449601107b533dc1345f2f2a') in 0.012656 seconds
Number of updated asset objects reloaded before import = 0
Number of asset objects unloaded after import = 18
========================================================================
Received Import Request.
  Time since last request: 11.306361 seconds.
  path: Assets/AssetHunts!/GameDev Starter Kit - Farming/Asset/Farm Tree Product/Farm_Tree_Product_Orange_01.prefab
  artifactKey: Guid(376d716a2db126d4c9e63ff20c3f040d) Importer(815301076,1909f56bfc062723c751e8b465ee728b)
Start importing Assets/AssetHunts!/GameDev Starter Kit - Farming/Asset/Farm Tree Product/Farm_Tree_Product_Orange_01.prefab using Guid(376d716a2db126d4c9e63ff20c3f040d) Importer(815301076,1909f56bfc062723c751e8b465ee728b) [PhysX] Initialized MultithreadedTaskDispatcher with 12 workers.
[PhysX] Initialized MultithreadedTaskDispatcher with 12 workers.
 -> (artifact id: '07fd02a97393ea01d1611fa6b824a566') in 0.013101 seconds
Number of updated asset objects reloaded before import = 0
Number of asset objects unloaded after import = 18
========================================================================
Received Import Request.
  Time since last request: 6.653269 seconds.
  path: Assets/AssetHunts!/GameDev Starter Kit - Farming/Asset/Prop/Props_Bucket_01.prefab
  artifactKey: Guid(a42960097933a7744a95c398541defc9) Importer(815301076,1909f56bfc062723c751e8b465ee728b)
Start importing Assets/AssetHunts!/GameDev Starter Kit - Farming/Asset/Prop/Props_Bucket_01.prefab using Guid(a42960097933a7744a95c398541defc9) Importer(815301076,1909f56bfc062723c751e8b465ee728b) [PhysX] Initialized MultithreadedTaskDispatcher with 12 workers.
[PhysX] Initialized MultithreadedTaskDispatcher with 12 workers.
 -> (artifact id: 'ea93ed382ea2e8cec2589c47afb73ed3') in 0.013736 seconds
Number of updated asset objects reloaded before import = 0
Number of asset objects unloaded after import = 18
========================================================================
Received Import Request.
  Time since last request: 0.000018 seconds.
  path: Assets/AssetHunts!/GameDev Starter Kit - Farming/Asset/Prop/Props_Wooden_Sign_03.prefab
  artifactKey: Guid(ed8caa6d81b488a4ca429865df39e166) Importer(815301076,1909f56bfc062723c751e8b465ee728b)
Start importing Assets/AssetHunts!/GameDev Starter Kit - Farming/Asset/Prop/Props_Wooden_Sign_03.prefab using Guid(ed8caa6d81b488a4ca429865df39e166) Importer(815301076,1909f56bfc062723c751e8b465ee728b) [PhysX] Initialized MultithreadedTaskDispatcher with 12 workers.
[PhysX] Initialized MultithreadedTaskDispatcher with 12 workers.
 -> (artifact id: 'f41aba203339b7d9eead2663df76f353') in 0.013039 seconds
Number of updated asset objects reloaded before import = 0
Number of asset objects unloaded after import = 18
========================================================================
Received Import Request.
  Time since last request: 0.000017 seconds.
  path: Assets/AssetHunts!/GameDev Starter Kit - Farming/Asset/Prop/Props_Wooden_Barrel_01.prefab
  artifactKey: Guid(da087c4e332736149955a4b28e2ea8b3) Importer(815301076,1909f56bfc062723c751e8b465ee728b)
Start importing Assets/AssetHunts!/GameDev Starter Kit - Farming/Asset/Prop/Props_Wooden_Barrel_01.prefab using Guid(da087c4e332736149955a4b28e2ea8b3) Importer(815301076,1909f56bfc062723c751e8b465ee728b) [PhysX] Initialized MultithreadedTaskDispatcher with 12 workers.
[PhysX] Initialized MultithreadedTaskDispatcher with 12 workers.
 -> (artifact id: '533f2c82af21778b402603e6caf3f9d8') in 0.013164 seconds
Number of updated asset objects reloaded before import = 0
Number of asset objects unloaded after import = 18
========================================================================
Received Prepare
Caller must complete domain reload
Begin MonoManager ReloadAssembly
- Loaded All Assemblies, in  0.348 seconds
Native extension for WindowsStandalone target not found
Native extension for WebGL target not found
Mono: successfully reloaded assembly
- Finished resetting the current domain, in  0.914 seconds
Domain Reload Profiling: 1262ms
	BeginReloadAssembly (125ms)
		ExecutionOrderSort (0ms)
		DisableScriptedObjects (7ms)
		BackupInstance (0ms)
		ReleaseScriptingObjects (0ms)
		CreateAndSetChildDomain (42ms)
	RebuildCommonClasses (21ms)
	RebuildNativeTypeToScriptingClass (6ms)
	initialDomainReloadingComplete (19ms)
	LoadAllAssembliesAndSetupDomain (176ms)
		LoadAssemblies (216ms)
		RebuildTransferFunctionScriptingTraits (0ms)
		AnalyzeDomain (12ms)
			TypeCache.Refresh (4ms)
				TypeCache.ScanAssembly (0ms)
			ScanForSourceGeneratedMonoScriptInfo (0ms)
			ResolveRequiredComponents (7ms)
	FinalizeReload (915ms)
		ReleaseScriptCaches (0ms)
		RebuildScriptCaches (0ms)
		SetupLoadedEditorAssemblies (370ms)
			LogAssemblyErrors (0ms)
			InitializePlatformSupportModulesInManaged (5ms)
			SetLoadedEditorAssemblies (3ms)
			RefreshPlugins (0ms)
			BeforeProcessingInitializeOnLoad (75ms)
			ProcessInitializeOnLoadAttributes (231ms)
			ProcessInitializeOnLoadMethodAttributes (51ms)
			AfterProcessingInitializeOnLoad (5ms)
			EditorAssembliesLoaded (0ms)
		ExecutionOrderSort2 (0ms)
		AwakeInstancesAfterBackupRestoration (16ms)
Refreshing native plugins compatible for Editor in 4.84 ms, found 4 plugins.
Preloading 0 native plugins for Editor in 0.00 ms.
Unloading 5349 Unused Serialized files (Serialized files now loaded: 0)
Unloading 24 unused Assets / (317.5 KB). Loaded Objects now: 6065.
Memory consumption went from 210.9 MB to 210.6 MB.
Total: 3.307800 ms (FindLiveObjects: 0.457400 ms CreateObjectMapping: 0.171800 ms MarkObjects: 2.590700 ms  DeleteObjects: 0.087300 ms)

Prepare: number of updated asset objects reloaded= 0
AssetImportParameters requested are different than current active one (requested -> active):
  custom:container-demuxer-ogg: 62fdf1f143b41e24485cea50d1cbac27 -> 
  custom:video-codec-MediaFoundation-h265: 746d11721c4dcdbdad8f713fa42b33f4 -> 
  custom:video-decoder-ogg-theora: a1e56fd34408186e4bbccfd4996cb3dc -> 
  custom:framework-win-MediaFoundation: 216162199b28c13a410421893ffa2e32 -> 
  custom:CustomObjectIndexerAttribute: 72b91833f83ae208fae7752999fa3104 -> 
  custom:container-demuxer-webm: 4f35f7cbe854078d1ac9338744f61a02 -> 
  custom:container-muxer-webm: aa71ff27fc2769a1b78a27578f13a17b -> 
  custom:video-decoder-webm-vp8: 9c59270c3fd7afecdb556c50c9e8de78 -> 
  custom:SearchIndexIgnoredProperties: e643bd26f0fe6173181afceb89e7c659 -> 
  custom:AudioImporter_EditorPlatform: d09bf68614088b80899f8185d706f6e7 -> 
  custom:video-encoder-webm-vp8: eb34c28f22e8b96e1ab97ce403110664 -> 
  custom:audio-decoder-ogg-vorbis: bf7c407c2cedff20999df2af8eb42d56 -> 
  custom:audio-encoder-webm-vorbis: bf7c407c2cedff20999df2af8eb42d56 -> 
========================================================================
Received Import Request.
  Time since last request: 138.795703 seconds.
  path: Assets/AssetHunts!/GameDev Starter Kit - Farming/Asset/Selection Pointer/Selection_Pointer_02.prefab
  artifactKey: Guid(e4fcd6454bc61e5489daf0bbde6048f7) Importer(815301076,1909f56bfc062723c751e8b465ee728b)
Start importing Assets/AssetHunts!/GameDev Starter Kit - Farming/Asset/Selection Pointer/Selection_Pointer_02.prefab using Guid(e4fcd6454bc61e5489daf0bbde6048f7) Importer(815301076,1909f56bfc062723c751e8b465ee728b) [PhysX] Initialized MultithreadedTaskDispatcher with 12 workers.
[PhysX] Initialized MultithreadedTaskDispatcher with 12 workers.
 -> (artifact id: '9d0558e9b2dab423ec80ba74395f0c1d') in 0.176785 seconds
Number of updated asset objects reloaded before import = 0
Number of asset objects unloaded after import = 37
========================================================================
Received Import Request.
  Time since last request: 2.453327 seconds.
  path: Assets/AssetHunts!/GameDev Starter Kit - Farming/Asset/Rock/Rock_A_02.prefab
  artifactKey: Guid(9f457a9d70b098a48b3dadbe6b55244c) Importer(815301076,1909f56bfc062723c751e8b465ee728b)
Start importing Assets/AssetHunts!/GameDev Starter Kit - Farming/Asset/Rock/Rock_A_02.prefab using Guid(9f457a9d70b098a48b3dadbe6b55244c) Importer(815301076,1909f56bfc062723c751e8b465ee728b) [PhysX] Initialized MultithreadedTaskDispatcher with 12 workers.
[PhysX] Initialized MultithreadedTaskDispatcher with 12 workers.
 -> (artifact id: '7df03ffd93dfc3b57d0262ce6925b22b') in 0.015510 seconds
Number of updated asset objects reloaded before import = 0
Number of asset objects unloaded after import = 18
========================================================================
Received Import Request.
  Time since last request: 0.000018 seconds.
  path: Assets/AssetHunts!/GameDev Starter Kit - Farming/Asset/Rock/Rock_A_04.prefab
  artifactKey: Guid(d39afb1f92dd3a54da5010291aca648f) Importer(815301076,1909f56bfc062723c751e8b465ee728b)
Start importing Assets/AssetHunts!/GameDev Starter Kit - Farming/Asset/Rock/Rock_A_04.prefab using Guid(d39afb1f92dd3a54da5010291aca648f) Importer(815301076,1909f56bfc062723c751e8b465ee728b) [PhysX] Initialized MultithreadedTaskDispatcher with 12 workers.
[PhysX] Initialized MultithreadedTaskDispatcher with 12 workers.
 -> (artifact id: '9ab66e68beb6ac11a03648cacc5f9dfc') in 0.013963 seconds
Number of updated asset objects reloaded before import = 0
Number of asset objects unloaded after import = 18
========================================================================
Received Import Request.
  Time since last request: 0.000126 seconds.
  path: Assets/AssetHunts!/GameDev Starter Kit - Farming/Asset/Rock/Rock_A_03.prefab
  artifactKey: Guid(0504766475c4dbf43b8b5e23b77bec56) Importer(815301076,1909f56bfc062723c751e8b465ee728b)
Start importing Assets/AssetHunts!/GameDev Starter Kit - Farming/Asset/Rock/Rock_A_03.prefab using Guid(0504766475c4dbf43b8b5e23b77bec56) Importer(815301076,1909f56bfc062723c751e8b465ee728b) [PhysX] Initialized MultithreadedTaskDispatcher with 12 workers.
[PhysX] Initialized MultithreadedTaskDispatcher with 12 workers.
 -> (artifact id: '7bfd8536a8b84e7f220e14bd38a17cef') in 0.012880 seconds
Number of updated asset objects reloaded before import = 0
Number of asset objects unloaded after import = 18
========================================================================
Received Import Request.
  Time since last request: 13.572340 seconds.
  path: Assets/AssetHunts!/GameDev Starter Kit - Farming/Asset/Farm Tool/Farm_Tool_Watering_Pot_01.prefab
  artifactKey: Guid(b99a481469a763547afd7f56716dd9d0) Importer(815301076,1909f56bfc062723c751e8b465ee728b)
Start importing Assets/AssetHunts!/GameDev Starter Kit - Farming/Asset/Farm Tool/Farm_Tool_Watering_Pot_01.prefab using Guid(b99a481469a763547afd7f56716dd9d0) Importer(815301076,1909f56bfc062723c751e8b465ee728b) [PhysX] Initialized MultithreadedTaskDispatcher with 12 workers.
[PhysX] Initialized MultithreadedTaskDispatcher with 12 workers.
 -> (artifact id: '948184527fbd3306130433fb1b93ad8c') in 0.013633 seconds
Number of updated asset objects reloaded before import = 0
Number of asset objects unloaded after import = 18
========================================================================
Received Import Request.
  Time since last request: 11.054492 seconds.
  path: Assets/AssetHunts!/GameDev Starter Kit - Farming/Asset/Farm Fence/Farm_Fence_C_03.prefab
  artifactKey: Guid(25e220f9a490084458be2720e95f699f) Importer(815301076,1909f56bfc062723c751e8b465ee728b)
Start importing Assets/AssetHunts!/GameDev Starter Kit - Farming/Asset/Farm Fence/Farm_Fence_C_03.prefab using Guid(25e220f9a490084458be2720e95f699f) Importer(815301076,1909f56bfc062723c751e8b465ee728b) [PhysX] Initialized MultithreadedTaskDispatcher with 12 workers.
[PhysX] Initialized MultithreadedTaskDispatcher with 12 workers.
 -> (artifact id: 'b473dfc3c4c3baf76e9804e9a23dab7d') in 0.013271 seconds
Number of updated asset objects reloaded before import = 0
Number of asset objects unloaded after import = 18
Editor requested this worker to shutdown with reason: Scaling down because of idle timeout
TcpMessagingSession - receive error: operation aborted. errorcode: 995, details: The I/O operation has been aborted because of either a thread exit or an application request.
AssetImportWorker is now disconnected from the server
Process exiting
Exiting without the bug reporter. Application will terminate with return code 0